{"/home/luis/Icarus/lib/acceptor.js":{"path":"/home/luis/Icarus/lib/acceptor.js","s":{"1":1,"2":1,"3":1,"4":1,"5":0,"6":0,"7":0,"8":1,"9":1,"10":1,"11":1,"12":1,"13":1,"14":14,"15":14,"16":14,"17":14,"18":14,"19":14,"20":0,"21":0,"22":0,"23":0,"24":0,"25":0,"26":0,"27":0,"28":0,"29":0,"30":0,"31":0,"32":0,"33":1,"34":1,"35":3,"36":2,"37":0,"38":2,"39":3,"40":3,"41":3,"42":3,"43":3,"44":13,"45":12,"46":1,"47":1,"48":0,"49":13,"50":0,"51":13,"52":13,"53":0,"54":13,"55":13,"56":13,"57":0,"58":13,"59":13,"60":13,"61":3,"62":3,"63":3,"64":9,"65":9,"66":3,"67":3,"68":3,"69":9,"70":9,"71":3,"72":3,"73":3,"74":3,"75":5,"76":5,"77":5,"78":8,"79":8,"80":6,"81":5,"82":5,"83":5,"84":5,"85":1,"86":1,"87":1,"88":0,"89":1,"90":1,"91":2,"92":1},"b":{"1":[1,0],"2":[1,1],"3":[0,1],"4":[0,0],"5":[0,0],"6":[0,14],"7":[0,0,0,0],"8":[2,1],"9":[0,2],"10":[12,1],"11":[0,1],"12":[1,1,0],"13":[0,13],"14":[13,0],"15":[0,13],"16":[0,13],"17":[9,0],"18":[1,8],"19":[6,2],"20":[8,7,3],"21":[1,0],"22":[0,1]},"f":{"1":1,"2":1,"3":14,"4":0,"5":1,"6":3,"7":3,"8":13,"9":13,"10":0,"11":3,"12":5,"13":1},"fnMap":{"1":{"name":"(anonymous_1)","line":1,"loc":{"start":{"line":1,"column":1},"end":{"line":1,"column":20}}},"2":{"name":"(anonymous_2)","line":8,"loc":{"start":{"line":8,"column":3},"end":{"line":8,"column":31}}},"3":{"name":"(anonymous_3)","line":17,"loc":{"start":{"line":17,"column":19},"end":{"line":17,"column":28}}},"4":{"name":"(anonymous_4)","line":26,"loc":{"start":{"line":26,"column":21},"end":{"line":26,"column":24}}},"5":{"name":"(anonymous_5)","line":48,"loc":{"start":{"line":48,"column":13},"end":{"line":48,"column":16}}},"6":{"name":"(anonymous_6)","line":52,"loc":{"start":{"line":52,"column":18},"end":{"line":52,"column":31}}},"7":{"name":"(anonymous_7)","line":60,"loc":{"start":{"line":60,"column":15},"end":{"line":60,"column":26}}},"8":{"name":"(anonymous_8)","line":72,"loc":{"start":{"line":72,"column":18},"end":{"line":72,"column":26}}},"9":{"name":"(anonymous_9)","line":92,"loc":{"start":{"line":92,"column":15},"end":{"line":92,"column":33}}},"10":{"name":"(anonymous_10)","line":105,"loc":{"start":{"line":105,"column":27},"end":{"line":105,"column":38}}},"11":{"name":"(anonymous_11)","line":107,"loc":{"start":{"line":107,"column":32},"end":{"line":107,"column":61}}},"12":{"name":"(anonymous_12)","line":128,"loc":{"start":{"line":128,"column":24},"end":{"line":128,"column":42}}},"13":{"name":"(anonymous_13)","line":150,"loc":{"start":{"line":150,"column":27},"end":{"line":150,"column":39}}}},"statementMap":{"1":{"start":{"line":1,"column":0},"end":{"line":163,"column":3}},"2":{"start":{"line":2,"column":4},"end":{"line":7,"column":5}},"3":{"start":{"line":3,"column":8},"end":{"line":3,"column":42}},"4":{"start":{"line":3,"column":43},"end":{"line":3,"column":83}},"5":{"start":{"line":3,"column":64},"end":{"line":3,"column":83}},"6":{"start":{"line":5,"column":9},"end":{"line":7,"column":5}},"7":{"start":{"line":6,"column":8},"end":{"line":6,"column":79}},"8":{"start":{"line":10,"column":4},"end":{"line":10,"column":37}},"9":{"start":{"line":11,"column":4},"end":{"line":11,"column":37}},"10":{"start":{"line":12,"column":4},"end":{"line":12,"column":43}},"11":{"start":{"line":13,"column":4},"end":{"line":13,"column":41}},"12":{"start":{"line":14,"column":4},"end":{"line":14,"column":35}},"13":{"start":{"line":15,"column":4},"end":{"line":15,"column":35}},"14":{"start":{"line":18,"column":12},"end":{"line":18,"column":38}},"15":{"start":{"line":19,"column":12},"end":{"line":19,"column":37}},"16":{"start":{"line":20,"column":12},"end":{"line":20,"column":52}},"17":{"start":{"line":21,"column":12},"end":{"line":21,"column":55}},"18":{"start":{"line":22,"column":12},"end":{"line":22,"column":32}},"19":{"start":{"line":23,"column":12},"end":{"line":24,"column":111}},"20":{"start":{"line":24,"column":16},"end":{"line":24,"column":111}},"21":{"start":{"line":24,"column":35},"end":{"line":24,"column":101}},"22":{"start":{"line":27,"column":12},"end":{"line":27,"column":28}},"23":{"start":{"line":28,"column":12},"end":{"line":46,"column":15}},"24":{"start":{"line":29,"column":16},"end":{"line":29,"column":37}},"25":{"start":{"line":30,"column":16},"end":{"line":45,"column":17}},"26":{"start":{"line":32,"column":24},"end":{"line":32,"column":90}},"27":{"start":{"line":33,"column":24},"end":{"line":33,"column":30}},"28":{"start":{"line":35,"column":24},"end":{"line":38,"column":27}},"29":{"start":{"line":39,"column":24},"end":{"line":39,"column":30}},"30":{"start":{"line":41,"column":24},"end":{"line":41,"column":79}},"31":{"start":{"line":42,"column":24},"end":{"line":42,"column":30}},"32":{"start":{"line":44,"column":24},"end":{"line":44,"column":68}},"33":{"start":{"line":49,"column":12},"end":{"line":49,"column":52}},"34":{"start":{"line":50,"column":12},"end":{"line":50,"column":37}},"35":{"start":{"line":53,"column":12},"end":{"line":57,"column":13}},"36":{"start":{"line":54,"column":16},"end":{"line":55,"column":85}},"37":{"start":{"line":55,"column":20},"end":{"line":55,"column":85}},"38":{"start":{"line":56,"column":16},"end":{"line":56,"column":43}},"39":{"start":{"line":58,"column":12},"end":{"line":58,"column":32}},"40":{"start":{"line":61,"column":12},"end":{"line":61,"column":78}},"41":{"start":{"line":62,"column":12},"end":{"line":65,"column":14}},"42":{"start":{"line":66,"column":12},"end":{"line":69,"column":40}},"43":{"start":{"line":70,"column":12},"end":{"line":70,"column":48}},"44":{"start":{"line":73,"column":12},"end":{"line":79,"column":13}},"45":{"start":{"line":74,"column":16},"end":{"line":74,"column":44}},"46":{"start":{"line":76,"column":16},"end":{"line":76,"column":85}},"47":{"start":{"line":77,"column":16},"end":{"line":78,"column":27}},"48":{"start":{"line":78,"column":20},"end":{"line":78,"column":27}},"49":{"start":{"line":80,"column":12},"end":{"line":81,"column":45}},"50":{"start":{"line":81,"column":16},"end":{"line":81,"column":45}},"51":{"start":{"line":82,"column":12},"end":{"line":89,"column":13}},"52":{"start":{"line":83,"column":16},"end":{"line":84,"column":91}},"53":{"start":{"line":84,"column":20},"end":{"line":84,"column":91}},"54":{"start":{"line":85,"column":16},"end":{"line":85,"column":49}},"55":{"start":{"line":86,"column":16},"end":{"line":86,"column":72}},"56":{"start":{"line":87,"column":16},"end":{"line":88,"column":79}},"57":{"start":{"line":88,"column":20},"end":{"line":88,"column":79}},"58":{"start":{"line":90,"column":12},"end":{"line":90,"column":54}},"59":{"start":{"line":93,"column":12},"end":{"line":102,"column":15}},"60":{"start":{"line":103,"column":12},"end":{"line":103,"column":48}},"61":{"start":{"line":108,"column":12},"end":{"line":108,"column":31}},"62":{"start":{"line":109,"column":12},"end":{"line":109,"column":34}},"63":{"start":{"line":110,"column":12},"end":{"line":113,"column":13}},"64":{"start":{"line":111,"column":16},"end":{"line":112,"column":48}},"65":{"start":{"line":112,"column":20},"end":{"line":112,"column":48}},"66":{"start":{"line":114,"column":12},"end":{"line":114,"column":70}},"67":{"start":{"line":115,"column":12},"end":{"line":115,"column":29}},"68":{"start":{"line":116,"column":12},"end":{"line":119,"column":13}},"69":{"start":{"line":117,"column":16},"end":{"line":117,"column":113}},"70":{"start":{"line":118,"column":16},"end":{"line":118,"column":38}},"71":{"start":{"line":120,"column":12},"end":{"line":123,"column":14}},"72":{"start":{"line":124,"column":12},"end":{"line":124,"column":131}},"73":{"start":{"line":125,"column":12},"end":{"line":125,"column":50}},"74":{"start":{"line":126,"column":12},"end":{"line":126,"column":27}},"75":{"start":{"line":129,"column":12},"end":{"line":129,"column":57}},"76":{"start":{"line":130,"column":12},"end":{"line":130,"column":28}},"77":{"start":{"line":131,"column":12},"end":{"line":135,"column":13}},"78":{"start":{"line":132,"column":16},"end":{"line":132,"column":40}},"79":{"start":{"line":133,"column":16},"end":{"line":134,"column":89}},"80":{"start":{"line":134,"column":20},"end":{"line":134,"column":89}},"81":{"start":{"line":136,"column":12},"end":{"line":136,"column":64}},"82":{"start":{"line":137,"column":12},"end":{"line":146,"column":15}},"83":{"start":{"line":147,"column":12},"end":{"line":147,"column":50}},"84":{"start":{"line":148,"column":12},"end":{"line":148,"column":27}},"85":{"start":{"line":151,"column":12},"end":{"line":151,"column":63}},"86":{"start":{"line":152,"column":12},"end":{"line":156,"column":13}},"87":{"start":{"line":153,"column":16},"end":{"line":154,"column":87}},"88":{"start":{"line":154,"column":20},"end":{"line":154,"column":87}},"89":{"start":{"line":155,"column":16},"end":{"line":155,"column":45}},"90":{"start":{"line":157,"column":12},"end":{"line":159,"column":13}},"91":{"start":{"line":158,"column":16},"end":{"line":158,"column":72}},"92":{"start":{"line":162,"column":4},"end":{"line":162,"column":32}}},"branchMap":{"1":{"line":2,"type":"if","locations":[{"start":{"line":2,"column":4},"end":{"line":2,"column":4}},{"start":{"line":2,"column":4},"end":{"line":2,"column":4}}]},"2":{"line":2,"type":"binary-expr","locations":[{"start":{"line":2,"column":8},"end":{"line":2,"column":34}},{"start":{"line":2,"column":38},"end":{"line":2,"column":72}}]},"3":{"line":3,"type":"if","locations":[{"start":{"line":3,"column":43},"end":{"line":3,"column":43}},{"start":{"line":3,"column":43},"end":{"line":3,"column":43}}]},"4":{"line":5,"type":"if","locations":[{"start":{"line":5,"column":9},"end":{"line":5,"column":9}},{"start":{"line":5,"column":9},"end":{"line":5,"column":9}}]},"5":{"line":5,"type":"binary-expr","locations":[{"start":{"line":5,"column":13},"end":{"line":5,"column":41}},{"start":{"line":5,"column":45},"end":{"line":5,"column":55}}]},"6":{"line":23,"type":"if","locations":[{"start":{"line":23,"column":12},"end":{"line":23,"column":12}},{"start":{"line":23,"column":12},"end":{"line":23,"column":12}}]},"7":{"line":30,"type":"switch","locations":[{"start":{"line":31,"column":20},"end":{"line":33,"column":30}},{"start":{"line":34,"column":20},"end":{"line":39,"column":30}},{"start":{"line":40,"column":20},"end":{"line":42,"column":30}},{"start":{"line":43,"column":20},"end":{"line":44,"column":68}}]},"8":{"line":53,"type":"if","locations":[{"start":{"line":53,"column":12},"end":{"line":53,"column":12}},{"start":{"line":53,"column":12},"end":{"line":53,"column":12}}]},"9":{"line":54,"type":"if","locations":[{"start":{"line":54,"column":16},"end":{"line":54,"column":16}},{"start":{"line":54,"column":16},"end":{"line":54,"column":16}}]},"10":{"line":73,"type":"if","locations":[{"start":{"line":73,"column":12},"end":{"line":73,"column":12}},{"start":{"line":73,"column":12},"end":{"line":73,"column":12}}]},"11":{"line":77,"type":"if","locations":[{"start":{"line":77,"column":16},"end":{"line":77,"column":16}},{"start":{"line":77,"column":16},"end":{"line":77,"column":16}}]},"12":{"line":77,"type":"binary-expr","locations":[{"start":{"line":77,"column":20},"end":{"line":77,"column":43}},{"start":{"line":77,"column":47},"end":{"line":77,"column":83}},{"start":{"line":77,"column":87},"end":{"line":77,"column":129}}]},"13":{"line":80,"type":"if","locations":[{"start":{"line":80,"column":12},"end":{"line":80,"column":12}},{"start":{"line":80,"column":12},"end":{"line":80,"column":12}}]},"14":{"line":82,"type":"if","locations":[{"start":{"line":82,"column":12},"end":{"line":82,"column":12}},{"start":{"line":82,"column":12},"end":{"line":82,"column":12}}]},"15":{"line":83,"type":"if","locations":[{"start":{"line":83,"column":16},"end":{"line":83,"column":16}},{"start":{"line":83,"column":16},"end":{"line":83,"column":16}}]},"16":{"line":87,"type":"if","locations":[{"start":{"line":87,"column":16},"end":{"line":87,"column":16}},{"start":{"line":87,"column":16},"end":{"line":87,"column":16}}]},"17":{"line":111,"type":"if","locations":[{"start":{"line":111,"column":16},"end":{"line":111,"column":16}},{"start":{"line":111,"column":16},"end":{"line":111,"column":16}}]},"18":{"line":117,"type":"cond-expr","locations":[{"start":{"line":117,"column":89},"end":{"line":117,"column":91}},{"start":{"line":117,"column":94},"end":{"line":117,"column":110}}]},"19":{"line":133,"type":"if","locations":[{"start":{"line":133,"column":16},"end":{"line":133,"column":16}},{"start":{"line":133,"column":16},"end":{"line":133,"column":16}}]},"20":{"line":133,"type":"binary-expr","locations":[{"start":{"line":133,"column":20},"end":{"line":133,"column":44}},{"start":{"line":133,"column":49},"end":{"line":133,"column":68}},{"start":{"line":133,"column":72},"end":{"line":133,"column":93}}]},"21":{"line":152,"type":"if","locations":[{"start":{"line":152,"column":12},"end":{"line":152,"column":12}},{"start":{"line":152,"column":12},"end":{"line":152,"column":12}}]},"22":{"line":153,"type":"if","locations":[{"start":{"line":153,"column":16},"end":{"line":153,"column":16}},{"start":{"line":153,"column":16},"end":{"line":153,"column":16}}]}}},"/home/luis/Icarus/lib/ballot.js":{"path":"/home/luis/Icarus/lib/ballot.js","s":{"1":1,"2":1,"3":1,"4":1,"5":0,"6":0,"7":0,"8":80,"9":80,"10":80,"11":64,"12":64,"13":28,"14":3,"15":25,"16":12,"17":13,"18":13,"19":13,"20":4,"21":9,"22":15,"23":7,"24":8,"25":32,"26":32,"27":32,"28":21,"29":90,"30":90,"31":1489,"32":1126,"33":90,"34":90,"35":90,"36":90,"37":90,"38":746,"39":746,"40":746,"41":743,"42":3,"43":3,"44":746,"45":90,"46":1},"b":{"1":[1,0],"2":[1,1],"3":[0,1],"4":[0,0],"5":[0,0],"6":[64,16],"7":[3,25],"8":[12,13],"9":[4,9],"10":[7,8],"11":[21,11],"12":[32,21],"13":[1126,363],"14":[743,3]},"f":{"1":1,"2":1,"3":80,"4":28,"5":15,"6":32,"7":90,"8":90},"fnMap":{"1":{"name":"(anonymous_1)","line":1,"loc":{"start":{"line":1,"column":1},"end":{"line":1,"column":20}}},"2":{"name":"(anonymous_2)","line":8,"loc":{"start":{"line":8,"column":3},"end":{"line":8,"column":31}}},"3":{"name":"(anonymous_3)","line":11,"loc":{"start":{"line":11,"column":19},"end":{"line":11,"column":28}}},"4":{"name":"(anonymous_4)","line":19,"loc":{"start":{"line":19,"column":30},"end":{"line":19,"column":39}}},"5":{"name":"(anonymous_5)","line":31,"loc":{"start":{"line":31,"column":37},"end":{"line":31,"column":46}}},"6":{"name":"(anonymous_6)","line":37,"loc":{"start":{"line":37,"column":15},"end":{"line":37,"column":24}}},"7":{"name":"(anonymous_7)","line":43,"loc":{"start":{"line":43,"column":16},"end":{"line":43,"column":21}}},"8":{"name":"(anonymous_8)","line":51,"loc":{"start":{"line":51,"column":16},"end":{"line":51,"column":21}}}},"statementMap":{"1":{"start":{"line":1,"column":0},"end":{"line":70,"column":3}},"2":{"start":{"line":2,"column":4},"end":{"line":7,"column":5}},"3":{"start":{"line":3,"column":8},"end":{"line":3,"column":42}},"4":{"start":{"line":3,"column":43},"end":{"line":3,"column":83}},"5":{"start":{"line":3,"column":64},"end":{"line":3,"column":83}},"6":{"start":{"line":5,"column":9},"end":{"line":7,"column":5}},"7":{"start":{"line":6,"column":8},"end":{"line":6,"column":48}},"8":{"start":{"line":12,"column":12},"end":{"line":12,"column":29}},"9":{"start":{"line":13,"column":12},"end":{"line":13,"column":32}},"10":{"start":{"line":14,"column":12},"end":{"line":17,"column":13}},"11":{"start":{"line":15,"column":16},"end":{"line":15,"column":44}},"12":{"start":{"line":16,"column":16},"end":{"line":16,"column":36}},"13":{"start":{"line":20,"column":12},"end":{"line":21,"column":29}},"14":{"start":{"line":21,"column":16},"end":{"line":21,"column":29}},"15":{"start":{"line":22,"column":12},"end":{"line":23,"column":28}},"16":{"start":{"line":23,"column":16},"end":{"line":23,"column":28}},"17":{"start":{"line":24,"column":12},"end":{"line":24,"column":53}},"18":{"start":{"line":25,"column":12},"end":{"line":25,"column":57}},"19":{"start":{"line":26,"column":12},"end":{"line":29,"column":29}},"20":{"start":{"line":27,"column":16},"end":{"line":27,"column":28}},"21":{"start":{"line":29,"column":16},"end":{"line":29,"column":29}},"22":{"start":{"line":32,"column":12},"end":{"line":35,"column":59}},"23":{"start":{"line":33,"column":16},"end":{"line":33,"column":28}},"24":{"start":{"line":35,"column":16},"end":{"line":35,"column":59}},"25":{"start":{"line":38,"column":12},"end":{"line":38,"column":53}},"26":{"start":{"line":39,"column":12},"end":{"line":39,"column":57}},"27":{"start":{"line":40,"column":12},"end":{"line":41,"column":28}},"28":{"start":{"line":41,"column":16},"end":{"line":41,"column":28}},"29":{"start":{"line":44,"column":12},"end":{"line":44,"column":24}},"30":{"start":{"line":45,"column":12},"end":{"line":48,"column":13}},"31":{"start":{"line":46,"column":16},"end":{"line":47,"column":29}},"32":{"start":{"line":47,"column":20},"end":{"line":47,"column":29}},"33":{"start":{"line":49,"column":12},"end":{"line":49,"column":23}},"34":{"start":{"line":52,"column":12},"end":{"line":52,"column":27}},"35":{"start":{"line":53,"column":12},"end":{"line":53,"column":33}},"36":{"start":{"line":54,"column":12},"end":{"line":54,"column":36}},"37":{"start":{"line":55,"column":12},"end":{"line":65,"column":13}},"38":{"start":{"line":56,"column":16},"end":{"line":56,"column":39}},"39":{"start":{"line":57,"column":16},"end":{"line":57,"column":35}},"40":{"start":{"line":58,"column":16},"end":{"line":63,"column":17}},"41":{"start":{"line":59,"column":20},"end":{"line":59,"column":51}},"42":{"start":{"line":61,"column":20},"end":{"line":61,"column":43}},"43":{"start":{"line":62,"column":20},"end":{"line":62,"column":39}},"44":{"start":{"line":64,"column":16},"end":{"line":64,"column":47}},"45":{"start":{"line":66,"column":12},"end":{"line":66,"column":25}},"46":{"start":{"line":69,"column":4},"end":{"line":69,"column":28}}},"branchMap":{"1":{"line":2,"type":"if","locations":[{"start":{"line":2,"column":4},"end":{"line":2,"column":4}},{"start":{"line":2,"column":4},"end":{"line":2,"column":4}}]},"2":{"line":2,"type":"binary-expr","locations":[{"start":{"line":2,"column":8},"end":{"line":2,"column":34}},{"start":{"line":2,"column":38},"end":{"line":2,"column":72}}]},"3":{"line":3,"type":"if","locations":[{"start":{"line":3,"column":43},"end":{"line":3,"column":43}},{"start":{"line":3,"column":43},"end":{"line":3,"column":43}}]},"4":{"line":5,"type":"if","locations":[{"start":{"line":5,"column":9},"end":{"line":5,"column":9}},{"start":{"line":5,"column":9},"end":{"line":5,"column":9}}]},"5":{"line":5,"type":"binary-expr","locations":[{"start":{"line":5,"column":13},"end":{"line":5,"column":41}},{"start":{"line":5,"column":45},"end":{"line":5,"column":55}}]},"6":{"line":14,"type":"if","locations":[{"start":{"line":14,"column":12},"end":{"line":14,"column":12}},{"start":{"line":14,"column":12},"end":{"line":14,"column":12}}]},"7":{"line":20,"type":"if","locations":[{"start":{"line":20,"column":12},"end":{"line":20,"column":12}},{"start":{"line":20,"column":12},"end":{"line":20,"column":12}}]},"8":{"line":22,"type":"if","locations":[{"start":{"line":22,"column":12},"end":{"line":22,"column":12}},{"start":{"line":22,"column":12},"end":{"line":22,"column":12}}]},"9":{"line":26,"type":"if","locations":[{"start":{"line":26,"column":12},"end":{"line":26,"column":12}},{"start":{"line":26,"column":12},"end":{"line":26,"column":12}}]},"10":{"line":32,"type":"if","locations":[{"start":{"line":32,"column":12},"end":{"line":32,"column":12}},{"start":{"line":32,"column":12},"end":{"line":32,"column":12}}]},"11":{"line":40,"type":"if","locations":[{"start":{"line":40,"column":12},"end":{"line":40,"column":12}},{"start":{"line":40,"column":12},"end":{"line":40,"column":12}}]},"12":{"line":40,"type":"binary-expr","locations":[{"start":{"line":40,"column":17},"end":{"line":40,"column":46}},{"start":{"line":40,"column":52},"end":{"line":40,"column":81}}]},"13":{"line":46,"type":"if","locations":[{"start":{"line":46,"column":16},"end":{"line":46,"column":16}},{"start":{"line":46,"column":16},"end":{"line":46,"column":16}}]},"14":{"line":58,"type":"if","locations":[{"start":{"line":58,"column":16},"end":{"line":58,"column":16}},{"start":{"line":58,"column":16},"end":{"line":58,"column":16}}]}}},"/home/luis/Icarus/lib/message.js":{"path":"/home/luis/Icarus/lib/message.js","s":{"1":1,"2":1,"3":1,"4":1,"5":0,"6":0,"7":0,"8":1,"9":1,"10":28,"11":28,"12":28,"13":28,"14":28,"15":28,"16":28,"17":28,"18":28,"19":28,"20":28,"21":28,"22":1},"b":{"1":[1,0],"2":[1,1],"3":[0,1],"4":[0,0],"5":[0,0]},"f":{"1":1,"2":1,"3":28},"fnMap":{"1":{"name":"(anonymous_1)","line":1,"loc":{"start":{"line":1,"column":1},"end":{"line":1,"column":20}}},"2":{"name":"(anonymous_2)","line":8,"loc":{"start":{"line":8,"column":3},"end":{"line":8,"column":31}}},"3":{"name":"(anonymous_3)","line":13,"loc":{"start":{"line":13,"column":19},"end":{"line":13,"column":28}}}},"statementMap":{"1":{"start":{"line":1,"column":0},"end":{"line":29,"column":3}},"2":{"start":{"line":2,"column":4},"end":{"line":7,"column":5}},"3":{"start":{"line":3,"column":8},"end":{"line":3,"column":42}},"4":{"start":{"line":3,"column":43},"end":{"line":3,"column":83}},"5":{"start":{"line":3,"column":64},"end":{"line":3,"column":83}},"6":{"start":{"line":5,"column":9},"end":{"line":7,"column":5}},"7":{"start":{"line":6,"column":8},"end":{"line":6,"column":48}},"8":{"start":{"line":10,"column":4},"end":{"line":10,"column":29}},"9":{"start":{"line":11,"column":4},"end":{"line":11,"column":35}},"10":{"start":{"line":14,"column":12},"end":{"line":14,"column":36}},"11":{"start":{"line":15,"column":12},"end":{"line":15,"column":32}},"12":{"start":{"line":16,"column":12},"end":{"line":16,"column":36}},"13":{"start":{"line":17,"column":12},"end":{"line":17,"column":48}},"14":{"start":{"line":18,"column":12},"end":{"line":18,"column":46}},"15":{"start":{"line":19,"column":12},"end":{"line":19,"column":45}},"16":{"start":{"line":20,"column":12},"end":{"line":20,"column":59}},"17":{"start":{"line":21,"column":12},"end":{"line":21,"column":60}},"18":{"start":{"line":22,"column":12},"end":{"line":22,"column":66}},"19":{"start":{"line":23,"column":12},"end":{"line":23,"column":65}},"20":{"start":{"line":24,"column":12},"end":{"line":24,"column":65}},"21":{"start":{"line":25,"column":12},"end":{"line":25,"column":40}},"22":{"start":{"line":28,"column":4},"end":{"line":28,"column":30}}},"branchMap":{"1":{"line":2,"type":"if","locations":[{"start":{"line":2,"column":4},"end":{"line":2,"column":4}},{"start":{"line":2,"column":4},"end":{"line":2,"column":4}}]},"2":{"line":2,"type":"binary-expr","locations":[{"start":{"line":2,"column":8},"end":{"line":2,"column":34}},{"start":{"line":2,"column":38},"end":{"line":2,"column":72}}]},"3":{"line":3,"type":"if","locations":[{"start":{"line":3,"column":43},"end":{"line":3,"column":43}},{"start":{"line":3,"column":43},"end":{"line":3,"column":43}}]},"4":{"line":5,"type":"if","locations":[{"start":{"line":5,"column":9},"end":{"line":5,"column":9}},{"start":{"line":5,"column":9},"end":{"line":5,"column":9}}]},"5":{"line":5,"type":"binary-expr","locations":[{"start":{"line":5,"column":13},"end":{"line":5,"column":41}},{"start":{"line":5,"column":45},"end":{"line":5,"column":55}}]}}},"/home/luis/Icarus/lib/map.js":{"path":"/home/luis/Icarus/lib/map.js","s":{"1":1,"2":1,"3":1,"4":1,"5":0,"6":0,"7":0,"8":1,"9":1,"10":84,"11":13,"12":23,"13":1,"14":1,"15":1,"16":1,"17":2,"18":2,"19":1,"20":8,"21":8,"22":8,"23":8,"24":8,"25":9,"26":9,"27":8,"28":76,"29":76,"30":74,"31":2,"32":2,"33":0,"34":38,"35":107,"36":1,"37":7,"38":7,"39":7,"40":7,"41":7,"42":2,"43":7,"44":7,"45":0,"46":7,"47":7,"48":7,"49":7,"50":6,"51":6,"52":4,"53":6,"54":7,"55":7,"56":7,"57":7,"58":7,"59":6,"60":7,"61":7,"62":2,"63":7,"64":10,"65":10,"66":7,"67":10,"68":7,"69":2,"70":4,"71":2,"72":1},"b":{"1":[1,0],"2":[1,1],"3":[0,1],"4":[0,0],"5":[0,0],"6":[74,2],"7":[76,4],"8":[2,0],"9":[0,7],"10":[4,2],"11":[6,1],"12":[2,5],"13":[7,3],"14":[10,10,7,4,7,3,3,5,4,3,2]},"f":{"1":1,"2":1,"3":84,"4":13,"5":23,"6":1,"7":8,"8":8,"9":76,"10":38,"11":107,"12":1,"13":7,"14":2,"15":7,"16":7,"17":2,"18":4},"fnMap":{"1":{"name":"(anonymous_1)","line":1,"loc":{"start":{"line":1,"column":1},"end":{"line":1,"column":20}}},"2":{"name":"(anonymous_2)","line":8,"loc":{"start":{"line":8,"column":3},"end":{"line":8,"column":31}}},"3":{"name":"(anonymous_3)","line":13,"loc":{"start":{"line":13,"column":19},"end":{"line":13,"column":22}}},"4":{"name":"(anonymous_4)","line":16,"loc":{"start":{"line":16,"column":16},"end":{"line":16,"column":19}}},"5":{"name":"(anonymous_5)","line":19,"loc":{"start":{"line":19,"column":16},"end":{"line":19,"column":19}}},"6":{"name":"(anonymous_6)","line":22,"loc":{"start":{"line":22,"column":21},"end":{"line":22,"column":24}}},"7":{"name":"(anonymous_7)","line":32,"loc":{"start":{"line":32,"column":18},"end":{"line":32,"column":21}}},"8":{"name":"(anonymous_8)","line":35,"loc":{"start":{"line":35,"column":23},"end":{"line":35,"column":26}}},"9":{"name":"(anonymous_9)","line":45,"loc":{"start":{"line":45,"column":11},"end":{"line":45,"column":43}}},"10":{"name":"(anonymous_10)","line":56,"loc":{"start":{"line":56,"column":11},"end":{"line":56,"column":18}}},"11":{"name":"(anonymous_11)","line":59,"loc":{"start":{"line":59,"column":11},"end":{"line":59,"column":18}}},"12":{"name":"(anonymous_12)","line":62,"loc":{"start":{"line":62,"column":14},"end":{"line":62,"column":21}}},"13":{"name":"(anonymous_13)","line":65,"loc":{"start":{"line":65,"column":17},"end":{"line":65,"column":25}}},"14":{"name":"(anonymous_14)","line":72,"loc":{"start":{"line":72,"column":13},"end":{"line":72,"column":16}}},"15":{"name":"(anonymous_15)","line":75,"loc":{"start":{"line":75,"column":14},"end":{"line":75,"column":36}}},"16":{"name":"(anonymous_16)","line":90,"loc":{"start":{"line":90,"column":20},"end":{"line":90,"column":28}}},"17":{"name":"(anonymous_17)","line":111,"loc":{"start":{"line":111,"column":15},"end":{"line":111,"column":29}}},"18":{"name":"(anonymous_18)","line":112,"loc":{"start":{"line":112,"column":51},"end":{"line":112,"column":68}}}},"statementMap":{"1":{"start":{"line":1,"column":0},"end":{"line":117,"column":3}},"2":{"start":{"line":2,"column":4},"end":{"line":7,"column":5}},"3":{"start":{"line":3,"column":8},"end":{"line":3,"column":42}},"4":{"start":{"line":3,"column":43},"end":{"line":3,"column":83}},"5":{"start":{"line":3,"column":64},"end":{"line":3,"column":83}},"6":{"start":{"line":5,"column":9},"end":{"line":7,"column":5}},"7":{"start":{"line":6,"column":8},"end":{"line":6,"column":48}},"8":{"start":{"line":10,"column":4},"end":{"line":10,"column":45}},"9":{"start":{"line":11,"column":4},"end":{"line":11,"column":43}},"10":{"start":{"line":14,"column":12},"end":{"line":14,"column":37}},"11":{"start":{"line":17,"column":12},"end":{"line":17,"column":37}},"12":{"start":{"line":20,"column":12},"end":{"line":20,"column":39}},"13":{"start":{"line":23,"column":12},"end":{"line":23,"column":37}},"14":{"start":{"line":24,"column":12},"end":{"line":24,"column":40}},"15":{"start":{"line":25,"column":12},"end":{"line":25,"column":35}},"16":{"start":{"line":26,"column":12},"end":{"line":29,"column":13}},"17":{"start":{"line":27,"column":16},"end":{"line":27,"column":51}},"18":{"start":{"line":28,"column":16},"end":{"line":28,"column":40}},"19":{"start":{"line":30,"column":12},"end":{"line":30,"column":24}},"20":{"start":{"line":33,"column":12},"end":{"line":33,"column":41}},"21":{"start":{"line":36,"column":12},"end":{"line":36,"column":39}},"22":{"start":{"line":37,"column":12},"end":{"line":37,"column":40}},"23":{"start":{"line":38,"column":12},"end":{"line":38,"column":37}},"24":{"start":{"line":39,"column":12},"end":{"line":42,"column":13}},"25":{"start":{"line":40,"column":16},"end":{"line":40,"column":41}},"26":{"start":{"line":41,"column":16},"end":{"line":41,"column":40}},"27":{"start":{"line":43,"column":12},"end":{"line":43,"column":26}},"28":{"start":{"line":46,"column":12},"end":{"line":46,"column":47}},"29":{"start":{"line":47,"column":12},"end":{"line":54,"column":13}},"30":{"start":{"line":48,"column":16},"end":{"line":48,"column":49}},"31":{"start":{"line":50,"column":16},"end":{"line":53,"column":82}},"32":{"start":{"line":51,"column":20},"end":{"line":51,"column":58}},"33":{"start":{"line":53,"column":20},"end":{"line":53,"column":82}},"34":{"start":{"line":57,"column":12},"end":{"line":57,"column":58}},"35":{"start":{"line":60,"column":12},"end":{"line":60,"column":58}},"36":{"start":{"line":63,"column":12},"end":{"line":63,"column":54}},"37":{"start":{"line":66,"column":12},"end":{"line":66,"column":28}},"38":{"start":{"line":67,"column":12},"end":{"line":67,"column":56}},"39":{"start":{"line":68,"column":12},"end":{"line":69,"column":91}},"40":{"start":{"line":69,"column":16},"end":{"line":69,"column":91}},"41":{"start":{"line":70,"column":12},"end":{"line":70,"column":26}},"42":{"start":{"line":73,"column":12},"end":{"line":73,"column":33}},"43":{"start":{"line":76,"column":12},"end":{"line":76,"column":21}},"44":{"start":{"line":77,"column":12},"end":{"line":78,"column":23}},"45":{"start":{"line":78,"column":16},"end":{"line":78,"column":23}},"46":{"start":{"line":79,"column":12},"end":{"line":79,"column":55}},"47":{"start":{"line":80,"column":12},"end":{"line":80,"column":34}},"48":{"start":{"line":81,"column":12},"end":{"line":81,"column":40}},"49":{"start":{"line":82,"column":12},"end":{"line":88,"column":13}},"50":{"start":{"line":83,"column":16},"end":{"line":83,"column":50}},"51":{"start":{"line":84,"column":16},"end":{"line":86,"column":17}},"52":{"start":{"line":85,"column":20},"end":{"line":85,"column":52}},"53":{"start":{"line":87,"column":16},"end":{"line":87,"column":40}},"54":{"start":{"line":91,"column":12},"end":{"line":91,"column":42}},"55":{"start":{"line":92,"column":12},"end":{"line":92,"column":47}},"56":{"start":{"line":93,"column":12},"end":{"line":93,"column":40}},"57":{"start":{"line":94,"column":12},"end":{"line":94,"column":34}},"58":{"start":{"line":95,"column":12},"end":{"line":96,"column":48}},"59":{"start":{"line":96,"column":16},"end":{"line":96,"column":48}},"60":{"start":{"line":97,"column":12},"end":{"line":97,"column":30}},"61":{"start":{"line":98,"column":12},"end":{"line":99,"column":38}},"62":{"start":{"line":99,"column":16},"end":{"line":99,"column":38}},"63":{"start":{"line":100,"column":12},"end":{"line":108,"column":13}},"64":{"start":{"line":101,"column":16},"end":{"line":101,"column":38}},"65":{"start":{"line":102,"column":16},"end":{"line":106,"column":42}},"66":{"start":{"line":106,"column":20},"end":{"line":106,"column":42}},"67":{"start":{"line":107,"column":16},"end":{"line":107,"column":40}},"68":{"start":{"line":109,"column":12},"end":{"line":109,"column":31}},"69":{"start":{"line":112,"column":12},"end":{"line":112,"column":107}},"70":{"start":{"line":112,"column":70},"end":{"line":112,"column":103}},"71":{"start":{"line":113,"column":12},"end":{"line":113,"column":30}},"72":{"start":{"line":116,"column":4},"end":{"line":116,"column":38}}},"branchMap":{"1":{"line":2,"type":"if","locations":[{"start":{"line":2,"column":4},"end":{"line":2,"column":4}},{"start":{"line":2,"column":4},"end":{"line":2,"column":4}}]},"2":{"line":2,"type":"binary-expr","locations":[{"start":{"line":2,"column":8},"end":{"line":2,"column":34}},{"start":{"line":2,"column":38},"end":{"line":2,"column":72}}]},"3":{"line":3,"type":"if","locations":[{"start":{"line":3,"column":43},"end":{"line":3,"column":43}},{"start":{"line":3,"column":43},"end":{"line":3,"column":43}}]},"4":{"line":5,"type":"if","locations":[{"start":{"line":5,"column":9},"end":{"line":5,"column":9}},{"start":{"line":5,"column":9},"end":{"line":5,"column":9}}]},"5":{"line":5,"type":"binary-expr","locations":[{"start":{"line":5,"column":13},"end":{"line":5,"column":41}},{"start":{"line":5,"column":45},"end":{"line":5,"column":55}}]},"6":{"line":47,"type":"if","locations":[{"start":{"line":47,"column":12},"end":{"line":47,"column":12}},{"start":{"line":47,"column":12},"end":{"line":47,"column":12}}]},"7":{"line":47,"type":"binary-expr","locations":[{"start":{"line":47,"column":16},"end":{"line":47,"column":31}},{"start":{"line":47,"column":35},"end":{"line":47,"column":43}}]},"8":{"line":50,"type":"if","locations":[{"start":{"line":50,"column":16},"end":{"line":50,"column":16}},{"start":{"line":50,"column":16},"end":{"line":50,"column":16}}]},"9":{"line":77,"type":"if","locations":[{"start":{"line":77,"column":12},"end":{"line":77,"column":12}},{"start":{"line":77,"column":12},"end":{"line":77,"column":12}}]},"10":{"line":84,"type":"if","locations":[{"start":{"line":84,"column":16},"end":{"line":84,"column":16}},{"start":{"line":84,"column":16},"end":{"line":84,"column":16}}]},"11":{"line":95,"type":"if","locations":[{"start":{"line":95,"column":12},"end":{"line":95,"column":12}},{"start":{"line":95,"column":12},"end":{"line":95,"column":12}}]},"12":{"line":98,"type":"if","locations":[{"start":{"line":98,"column":12},"end":{"line":98,"column":12}},{"start":{"line":98,"column":12},"end":{"line":98,"column":12}}]},"13":{"line":102,"type":"if","locations":[{"start":{"line":102,"column":16},"end":{"line":102,"column":16}},{"start":{"line":102,"column":16},"end":{"line":102,"column":16}}]},"14":{"line":102,"type":"binary-expr","locations":[{"start":{"line":102,"column":21},"end":{"line":102,"column":40}},{"start":{"line":103,"column":21},"end":{"line":103,"column":46}},{"start":{"line":103,"column":50},"end":{"line":103,"column":73}},{"start":{"line":103,"column":77},"end":{"line":103,"column":95}},{"start":{"line":104,"column":21},"end":{"line":104,"column":46}},{"start":{"line":104,"column":50},"end":{"line":104,"column":73}},{"start":{"line":104,"column":77},"end":{"line":104,"column":93}},{"start":{"line":105,"column":21},"end":{"line":105,"column":46}},{"start":{"line":105,"column":50},"end":{"line":105,"column":73}},{"start":{"line":105,"column":77},"end":{"line":105,"column":95}},{"start":{"line":105,"column":99},"end":{"line":105,"column":115}}]}}},"/home/luis/Icarus/lib/rol.js":{"path":"/home/luis/Icarus/lib/rol.js","s":{"1":1,"2":1,"3":1,"4":1,"5":0,"6":0,"7":0,"8":1,"9":1,"10":0,"11":29,"12":29,"13":29,"14":29,"15":0,"16":29,"17":0,"18":0,"19":0,"20":29,"21":0,"22":0,"23":0,"24":0,"25":0,"26":1,"27":1,"28":0,"29":0,"30":1},"b":{"1":[1,0],"2":[1,1],"3":[0,1],"4":[0,0],"5":[0,0],"6":[29,0],"7":[29,29],"8":[0,29],"9":[0,0],"10":[0,0],"11":[0,29],"12":[29,29,0]},"f":{"1":1,"2":1,"3":0,"4":29,"5":0,"6":0},"fnMap":{"1":{"name":"(anonymous_1)","line":1,"loc":{"start":{"line":1,"column":1},"end":{"line":1,"column":20}}},"2":{"name":"(anonymous_2)","line":8,"loc":{"start":{"line":8,"column":3},"end":{"line":8,"column":31}}},"3":{"name":"(anonymous_3)","line":11,"loc":{"start":{"line":11,"column":21},"end":{"line":11,"column":38}}},"4":{"name":"(anonymous_4)","line":15,"loc":{"start":{"line":15,"column":19},"end":{"line":15,"column":34}}},"5":{"name":"(anonymous_5)","line":32,"loc":{"start":{"line":32,"column":20},"end":{"line":32,"column":29}}},"6":{"name":"getRol","line":40,"loc":{"start":{"line":40,"column":4},"end":{"line":40,"column":34}}}},"statementMap":{"1":{"start":{"line":1,"column":0},"end":{"line":45,"column":3}},"2":{"start":{"line":2,"column":4},"end":{"line":7,"column":5}},"3":{"start":{"line":3,"column":8},"end":{"line":3,"column":42}},"4":{"start":{"line":3,"column":43},"end":{"line":3,"column":83}},"5":{"start":{"line":3,"column":64},"end":{"line":3,"column":83}},"6":{"start":{"line":5,"column":9},"end":{"line":7,"column":5}},"7":{"start":{"line":6,"column":8},"end":{"line":6,"column":48}},"8":{"start":{"line":10,"column":4},"end":{"line":10,"column":37}},"9":{"start":{"line":11,"column":4},"end":{"line":13,"column":6}},"10":{"start":{"line":12,"column":8},"end":{"line":12,"column":62}},"11":{"start":{"line":16,"column":12},"end":{"line":16,"column":29}},"12":{"start":{"line":17,"column":12},"end":{"line":17,"column":34}},"13":{"start":{"line":18,"column":12},"end":{"line":21,"column":34}},"14":{"start":{"line":19,"column":16},"end":{"line":19,"column":40}},"15":{"start":{"line":21,"column":16},"end":{"line":21,"column":34}},"16":{"start":{"line":22,"column":12},"end":{"line":28,"column":13}},"17":{"start":{"line":23,"column":16},"end":{"line":25,"column":29}},"18":{"start":{"line":26,"column":16},"end":{"line":27,"column":103}},"19":{"start":{"line":27,"column":20},"end":{"line":27,"column":103}},"20":{"start":{"line":29,"column":12},"end":{"line":30,"column":50}},"21":{"start":{"line":30,"column":16},"end":{"line":30,"column":50}},"22":{"start":{"line":33,"column":12},"end":{"line":33,"column":118}},"23":{"start":{"line":34,"column":12},"end":{"line":34,"column":58}},"24":{"start":{"line":35,"column":12},"end":{"line":35,"column":70}},"25":{"start":{"line":36,"column":12},"end":{"line":36,"column":33}},"26":{"start":{"line":39,"column":4},"end":{"line":39,"column":22}},"27":{"start":{"line":40,"column":4},"end":{"line":43,"column":5}},"28":{"start":{"line":41,"column":8},"end":{"line":41,"column":57}},"29":{"start":{"line":42,"column":8},"end":{"line":42,"column":31}},"30":{"start":{"line":44,"column":4},"end":{"line":44,"column":28}}},"branchMap":{"1":{"line":2,"type":"if","locations":[{"start":{"line":2,"column":4},"end":{"line":2,"column":4}},{"start":{"line":2,"column":4},"end":{"line":2,"column":4}}]},"2":{"line":2,"type":"binary-expr","locations":[{"start":{"line":2,"column":8},"end":{"line":2,"column":34}},{"start":{"line":2,"column":38},"end":{"line":2,"column":72}}]},"3":{"line":3,"type":"if","locations":[{"start":{"line":3,"column":43},"end":{"line":3,"column":43}},{"start":{"line":3,"column":43},"end":{"line":3,"column":43}}]},"4":{"line":5,"type":"if","locations":[{"start":{"line":5,"column":9},"end":{"line":5,"column":9}},{"start":{"line":5,"column":9},"end":{"line":5,"column":9}}]},"5":{"line":5,"type":"binary-expr","locations":[{"start":{"line":5,"column":13},"end":{"line":5,"column":41}},{"start":{"line":5,"column":45},"end":{"line":5,"column":55}}]},"6":{"line":18,"type":"if","locations":[{"start":{"line":18,"column":12},"end":{"line":18,"column":12}},{"start":{"line":18,"column":12},"end":{"line":18,"column":12}}]},"7":{"line":18,"type":"binary-expr","locations":[{"start":{"line":18,"column":16},"end":{"line":18,"column":36}},{"start":{"line":18,"column":40},"end":{"line":18,"column":65}}]},"8":{"line":22,"type":"if","locations":[{"start":{"line":22,"column":12},"end":{"line":22,"column":12}},{"start":{"line":22,"column":12},"end":{"line":22,"column":12}}]},"9":{"line":26,"type":"if","locations":[{"start":{"line":26,"column":16},"end":{"line":26,"column":16}},{"start":{"line":26,"column":16},"end":{"line":26,"column":16}}]},"10":{"line":26,"type":"binary-expr","locations":[{"start":{"line":26,"column":20},"end":{"line":26,"column":40}},{"start":{"line":26,"column":44},"end":{"line":26,"column":72}}]},"11":{"line":29,"type":"if","locations":[{"start":{"line":29,"column":12},"end":{"line":29,"column":12}},{"start":{"line":29,"column":12},"end":{"line":29,"column":12}}]},"12":{"line":29,"type":"binary-expr","locations":[{"start":{"line":29,"column":16},"end":{"line":29,"column":36}},{"start":{"line":29,"column":40},"end":{"line":29,"column":50}},{"start":{"line":29,"column":54},"end":{"line":29,"column":82}}]}}},"/home/luis/Icarus/lib/commander.js":{"path":"/home/luis/Icarus/lib/commander.js","s":{"1":1,"2":1,"3":1,"4":1,"5":0,"6":0,"7":0,"8":1,"9":1,"10":1,"11":1,"12":1,"13":1,"14":10,"15":10,"16":10,"17":10,"18":0,"19":0,"20":0,"21":2,"22":1,"23":1,"24":1,"25":1,"26":1,"27":10,"28":1,"29":9,"30":5,"31":9,"32":9,"33":9,"34":1,"35":8,"36":7,"37":8,"38":1,"39":1,"40":7,"41":1,"42":1,"43":1},"b":{"1":[1,0],"2":[1,1],"3":[0,1],"4":[0,0],"5":[0,0],"6":[0,0],"7":[1,1],"8":[1,9],"9":[5,4],"10":[1,8],"11":[9,9],"12":[7,1],"13":[1,7],"14":[1,6]},"f":{"1":1,"2":1,"3":10,"4":0,"5":2,"6":10},"fnMap":{"1":{"name":"(anonymous_1)","line":1,"loc":{"start":{"line":1,"column":1},"end":{"line":1,"column":20}}},"2":{"name":"(anonymous_2)","line":8,"loc":{"start":{"line":8,"column":3},"end":{"line":8,"column":31}}},"3":{"name":"(anonymous_3)","line":17,"loc":{"start":{"line":17,"column":19},"end":{"line":17,"column":28}}},"4":{"name":"(anonymous_4)","line":23,"loc":{"start":{"line":23,"column":15},"end":{"line":23,"column":25}}},"5":{"name":"(anonymous_5)","line":33,"loc":{"start":{"line":33,"column":15},"end":{"line":33,"column":24}}},"6":{"name":"(anonymous_6)","line":59,"loc":{"start":{"line":59,"column":18},"end":{"line":59,"column":27}}}},"statementMap":{"1":{"start":{"line":1,"column":0},"end":{"line":88,"column":3}},"2":{"start":{"line":2,"column":4},"end":{"line":7,"column":5}},"3":{"start":{"line":3,"column":8},"end":{"line":3,"column":42}},"4":{"start":{"line":3,"column":43},"end":{"line":3,"column":83}},"5":{"start":{"line":3,"column":64},"end":{"line":3,"column":83}},"6":{"start":{"line":5,"column":9},"end":{"line":7,"column":5}},"7":{"start":{"line":6,"column":8},"end":{"line":6,"column":79}},"8":{"start":{"line":10,"column":4},"end":{"line":10,"column":38}},"9":{"start":{"line":11,"column":4},"end":{"line":11,"column":37}},"10":{"start":{"line":12,"column":4},"end":{"line":12,"column":37}},"11":{"start":{"line":13,"column":4},"end":{"line":13,"column":43}},"12":{"start":{"line":14,"column":4},"end":{"line":14,"column":41}},"13":{"start":{"line":15,"column":4},"end":{"line":15,"column":46}},"14":{"start":{"line":18,"column":12},"end":{"line":18,"column":20}},"15":{"start":{"line":19,"column":12},"end":{"line":19,"column":42}},"16":{"start":{"line":20,"column":12},"end":{"line":20,"column":35}},"17":{"start":{"line":21,"column":12},"end":{"line":21,"column":79}},"18":{"start":{"line":21,"column":50},"end":{"line":21,"column":75}},"19":{"start":{"line":24,"column":12},"end":{"line":31,"column":13}},"20":{"start":{"line":25,"column":16},"end":{"line":30,"column":19}},"21":{"start":{"line":34,"column":12},"end":{"line":57,"column":13}},"22":{"start":{"line":35,"column":16},"end":{"line":35,"column":75}},"23":{"start":{"line":36,"column":16},"end":{"line":36,"column":23}},"24":{"start":{"line":39,"column":16},"end":{"line":45,"column":19}},"25":{"start":{"line":46,"column":16},"end":{"line":55,"column":19}},"26":{"start":{"line":56,"column":16},"end":{"line":56,"column":54}},"27":{"start":{"line":60,"column":12},"end":{"line":61,"column":23}},"28":{"start":{"line":61,"column":16},"end":{"line":61,"column":23}},"29":{"start":{"line":62,"column":12},"end":{"line":70,"column":13}},"30":{"start":{"line":63,"column":16},"end":{"line":69,"column":19}},"31":{"start":{"line":71,"column":12},"end":{"line":71,"column":51}},"32":{"start":{"line":72,"column":12},"end":{"line":72,"column":69}},"33":{"start":{"line":73,"column":12},"end":{"line":74,"column":23}},"34":{"start":{"line":74,"column":16},"end":{"line":74,"column":23}},"35":{"start":{"line":75,"column":12},"end":{"line":76,"column":83}},"36":{"start":{"line":76,"column":16},"end":{"line":76,"column":83}},"37":{"start":{"line":77,"column":12},"end":{"line":80,"column":13}},"38":{"start":{"line":78,"column":16},"end":{"line":78,"column":54}},"39":{"start":{"line":79,"column":16},"end":{"line":79,"column":23}},"40":{"start":{"line":81,"column":12},"end":{"line":84,"column":13}},"41":{"start":{"line":82,"column":16},"end":{"line":82,"column":36}},"42":{"start":{"line":83,"column":16},"end":{"line":83,"column":90}},"43":{"start":{"line":87,"column":4},"end":{"line":87,"column":34}}},"branchMap":{"1":{"line":2,"type":"if","locations":[{"start":{"line":2,"column":4},"end":{"line":2,"column":4}},{"start":{"line":2,"column":4},"end":{"line":2,"column":4}}]},"2":{"line":2,"type":"binary-expr","locations":[{"start":{"line":2,"column":8},"end":{"line":2,"column":34}},{"start":{"line":2,"column":38},"end":{"line":2,"column":72}}]},"3":{"line":3,"type":"if","locations":[{"start":{"line":3,"column":43},"end":{"line":3,"column":43}},{"start":{"line":3,"column":43},"end":{"line":3,"column":43}}]},"4":{"line":5,"type":"if","locations":[{"start":{"line":5,"column":9},"end":{"line":5,"column":9}},{"start":{"line":5,"column":9},"end":{"line":5,"column":9}}]},"5":{"line":5,"type":"binary-expr","locations":[{"start":{"line":5,"column":13},"end":{"line":5,"column":41}},{"start":{"line":5,"column":45},"end":{"line":5,"column":55}}]},"6":{"line":24,"type":"if","locations":[{"start":{"line":24,"column":12},"end":{"line":24,"column":12}},{"start":{"line":24,"column":12},"end":{"line":24,"column":12}}]},"7":{"line":34,"type":"if","locations":[{"start":{"line":34,"column":12},"end":{"line":34,"column":12}},{"start":{"line":34,"column":12},"end":{"line":34,"column":12}}]},"8":{"line":60,"type":"if","locations":[{"start":{"line":60,"column":12},"end":{"line":60,"column":12}},{"start":{"line":60,"column":12},"end":{"line":60,"column":12}}]},"9":{"line":62,"type":"if","locations":[{"start":{"line":62,"column":12},"end":{"line":62,"column":12}},{"start":{"line":62,"column":12},"end":{"line":62,"column":12}}]},"10":{"line":73,"type":"if","locations":[{"start":{"line":73,"column":12},"end":{"line":73,"column":12}},{"start":{"line":73,"column":12},"end":{"line":73,"column":12}}]},"11":{"line":73,"type":"binary-expr","locations":[{"start":{"line":73,"column":16},"end":{"line":73,"column":31}},{"start":{"line":73,"column":35},"end":{"line":73,"column":47}}]},"12":{"line":75,"type":"if","locations":[{"start":{"line":75,"column":12},"end":{"line":75,"column":12}},{"start":{"line":75,"column":12},"end":{"line":75,"column":12}}]},"13":{"line":77,"type":"if","locations":[{"start":{"line":77,"column":12},"end":{"line":77,"column":12}},{"start":{"line":77,"column":12},"end":{"line":77,"column":12}}]},"14":{"line":81,"type":"if","locations":[{"start":{"line":81,"column":12},"end":{"line":81,"column":12}},{"start":{"line":81,"column":12},"end":{"line":81,"column":12}}]}}},"/home/luis/Icarus/lib/icarus_utils.js":{"path":"/home/luis/Icarus/lib/icarus_utils.js","s":{"1":1,"2":1,"3":1,"4":1,"5":0,"6":0,"7":0,"8":1,"9":0,"10":8,"11":0,"12":0,"13":0,"14":0,"15":0,"16":6,"17":1},"b":{"1":[1,0],"2":[1,1],"3":[0,1],"4":[0,0],"5":[0,0]},"f":{"1":1,"2":1,"3":0,"4":8,"5":0,"6":0,"7":0,"8":0,"9":0,"10":6},"fnMap":{"1":{"name":"(anonymous_1)","line":1,"loc":{"start":{"line":1,"column":1},"end":{"line":1,"column":20}}},"2":{"name":"(anonymous_2)","line":8,"loc":{"start":{"line":8,"column":3},"end":{"line":8,"column":31}}},"3":{"name":"(anonymous_3)","line":12,"loc":{"start":{"line":12,"column":19},"end":{"line":12,"column":37}}},"4":{"name":"(anonymous_4)","line":15,"loc":{"start":{"line":15,"column":10},"end":{"line":15,"column":28}}},"5":{"name":"(anonymous_5)","line":18,"loc":{"start":{"line":18,"column":12},"end":{"line":18,"column":30}}},"6":{"name":"(anonymous_6)","line":21,"loc":{"start":{"line":21,"column":22},"end":{"line":21,"column":40}}},"7":{"name":"(anonymous_7)","line":24,"loc":{"start":{"line":24,"column":26},"end":{"line":24,"column":34}}},"8":{"name":"(anonymous_8)","line":27,"loc":{"start":{"line":27,"column":23},"end":{"line":27,"column":27}}},"9":{"name":"(anonymous_9)","line":30,"loc":{"start":{"line":30,"column":17},"end":{"line":30,"column":25}}},"10":{"name":"(anonymous_10)","line":33,"loc":{"start":{"line":33,"column":12},"end":{"line":33,"column":29}}}},"statementMap":{"1":{"start":{"line":1,"column":0},"end":{"line":38,"column":3}},"2":{"start":{"line":2,"column":4},"end":{"line":7,"column":5}},"3":{"start":{"line":3,"column":8},"end":{"line":3,"column":42}},"4":{"start":{"line":3,"column":43},"end":{"line":3,"column":83}},"5":{"start":{"line":3,"column":64},"end":{"line":3,"column":83}},"6":{"start":{"line":5,"column":9},"end":{"line":7,"column":5}},"7":{"start":{"line":6,"column":8},"end":{"line":6,"column":58}},"8":{"start":{"line":10,"column":4},"end":{"line":10,"column":37}},"9":{"start":{"line":13,"column":12},"end":{"line":13,"column":54}},"10":{"start":{"line":16,"column":12},"end":{"line":16,"column":45}},"11":{"start":{"line":19,"column":12},"end":{"line":19,"column":45}},"12":{"start":{"line":22,"column":12},"end":{"line":22,"column":57}},"13":{"start":{"line":25,"column":12},"end":{"line":25,"column":51}},"14":{"start":{"line":28,"column":12},"end":{"line":28,"column":37}},"15":{"start":{"line":31,"column":12},"end":{"line":31,"column":42}},"16":{"start":{"line":34,"column":12},"end":{"line":34,"column":43}},"17":{"start":{"line":37,"column":4},"end":{"line":37,"column":30}}},"branchMap":{"1":{"line":2,"type":"if","locations":[{"start":{"line":2,"column":4},"end":{"line":2,"column":4}},{"start":{"line":2,"column":4},"end":{"line":2,"column":4}}]},"2":{"line":2,"type":"binary-expr","locations":[{"start":{"line":2,"column":8},"end":{"line":2,"column":34}},{"start":{"line":2,"column":38},"end":{"line":2,"column":72}}]},"3":{"line":3,"type":"if","locations":[{"start":{"line":3,"column":43},"end":{"line":3,"column":43}},{"start":{"line":3,"column":43},"end":{"line":3,"column":43}}]},"4":{"line":5,"type":"if","locations":[{"start":{"line":5,"column":9},"end":{"line":5,"column":9}},{"start":{"line":5,"column":9},"end":{"line":5,"column":9}}]},"5":{"line":5,"type":"binary-expr","locations":[{"start":{"line":5,"column":13},"end":{"line":5,"column":41}},{"start":{"line":5,"column":45},"end":{"line":5,"column":55}}]}}},"/home/luis/Icarus/lib/leader.js":{"path":"/home/luis/Icarus/lib/leader.js","s":{"1":1,"2":1,"3":1,"4":1,"5":0,"6":0,"7":0,"8":1,"9":1,"10":1,"11":1,"12":1,"13":1,"14":1,"15":1,"16":1,"17":7,"18":7,"19":7,"20":7,"21":7,"22":7,"23":7,"24":0,"25":0,"26":0,"27":0,"28":0,"29":0,"30":0,"31":0,"32":0,"33":0,"34":0,"35":0,"36":0,"37":0,"38":0,"39":0,"40":0,"41":0,"42":0,"43":0,"44":0,"45":0,"46":0,"47":0,"48":0,"49":0,"50":0,"51":0,"52":0,"53":0,"54":0,"55":0,"56":0,"57":0,"58":0,"59":0,"60":0,"61":0,"62":6,"63":6,"64":6,"65":5,"66":5,"67":0,"68":3,"69":3,"70":3,"71":3,"72":3,"73":3,"74":3,"75":3,"76":4,"77":4,"78":4,"79":4,"80":4,"81":1,"82":1,"83":1,"84":1,"85":1,"86":1,"87":1,"88":1,"89":1},"b":{"1":[1,0],"2":[1,1],"3":[0,1],"4":[0,0],"5":[0,0],"6":[0,0],"7":[0,0],"8":[0,0],"9":[0,0],"10":[0,0],"11":[0,0],"12":[0,0],"13":[6,0],"14":[5,1],"15":[0,5],"16":[3,0],"17":[1,0],"18":[1,0],"19":[1,0]},"f":{"1":1,"2":1,"3":7,"4":0,"5":0,"6":0,"7":0,"8":6,"9":3,"10":3,"11":1},"fnMap":{"1":{"name":"(anonymous_1)","line":1,"loc":{"start":{"line":1,"column":1},"end":{"line":1,"column":20}}},"2":{"name":"(anonymous_2)","line":8,"loc":{"start":{"line":8,"column":3},"end":{"line":8,"column":31}}},"3":{"name":"(anonymous_3)","line":20,"loc":{"start":{"line":20,"column":19},"end":{"line":20,"column":28}}},"4":{"name":"(anonymous_4)","line":31,"loc":{"start":{"line":31,"column":21},"end":{"line":31,"column":24}}},"5":{"name":"(anonymous_5)","line":54,"loc":{"start":{"line":54,"column":13},"end":{"line":54,"column":16}}},"6":{"name":"(anonymous_6)","line":58,"loc":{"start":{"line":58,"column":18},"end":{"line":58,"column":21}}},"7":{"name":"(anonymous_7)","line":74,"loc":{"start":{"line":74,"column":22},"end":{"line":74,"column":31}}},"8":{"name":"(anonymous_8)","line":89,"loc":{"start":{"line":89,"column":15},"end":{"line":89,"column":24}}},"9":{"name":"(anonymous_9)","line":98,"loc":{"start":{"line":98,"column":15},"end":{"line":98,"column":24}}},"10":{"name":"(anonymous_10)","line":107,"loc":{"start":{"line":107,"column":35},"end":{"line":107,"column":42}}},"11":{"name":"(anonymous_11)","line":117,"loc":{"start":{"line":117,"column":17},"end":{"line":117,"column":26}}}},"statementMap":{"1":{"start":{"line":1,"column":0},"end":{"line":130,"column":3}},"2":{"start":{"line":2,"column":4},"end":{"line":7,"column":5}},"3":{"start":{"line":3,"column":8},"end":{"line":3,"column":42}},"4":{"start":{"line":3,"column":43},"end":{"line":3,"column":83}},"5":{"start":{"line":3,"column":64},"end":{"line":3,"column":83}},"6":{"start":{"line":5,"column":9},"end":{"line":7,"column":5}},"7":{"start":{"line":6,"column":8},"end":{"line":6,"column":79}},"8":{"start":{"line":10,"column":4},"end":{"line":10,"column":38}},"9":{"start":{"line":11,"column":4},"end":{"line":11,"column":37}},"10":{"start":{"line":12,"column":4},"end":{"line":12,"column":37}},"11":{"start":{"line":13,"column":4},"end":{"line":13,"column":43}},"12":{"start":{"line":14,"column":4},"end":{"line":14,"column":41}},"13":{"start":{"line":15,"column":4},"end":{"line":15,"column":29}},"14":{"start":{"line":16,"column":4},"end":{"line":16,"column":41}},"15":{"start":{"line":17,"column":4},"end":{"line":17,"column":35}},"16":{"start":{"line":18,"column":4},"end":{"line":18,"column":35}},"17":{"start":{"line":21,"column":12},"end":{"line":21,"column":36}},"18":{"start":{"line":22,"column":12},"end":{"line":22,"column":33}},"19":{"start":{"line":23,"column":12},"end":{"line":23,"column":30}},"20":{"start":{"line":24,"column":12},"end":{"line":24,"column":76}},"21":{"start":{"line":25,"column":12},"end":{"line":25,"column":32}},"22":{"start":{"line":26,"column":12},"end":{"line":26,"column":53}},"23":{"start":{"line":27,"column":12},"end":{"line":29,"column":15}},"24":{"start":{"line":28,"column":16},"end":{"line":28,"column":50}},"25":{"start":{"line":32,"column":12},"end":{"line":32,"column":28}},"26":{"start":{"line":33,"column":12},"end":{"line":38,"column":15}},"27":{"start":{"line":34,"column":16},"end":{"line":37,"column":17}},"28":{"start":{"line":35,"column":20},"end":{"line":35,"column":40}},"29":{"start":{"line":36,"column":20},"end":{"line":36,"column":62}},"30":{"start":{"line":36,"column":39},"end":{"line":36,"column":52}},"31":{"start":{"line":39,"column":12},"end":{"line":42,"column":15}},"32":{"start":{"line":40,"column":16},"end":{"line":40,"column":37}},"33":{"start":{"line":41,"column":16},"end":{"line":41,"column":93}},"34":{"start":{"line":43,"column":12},"end":{"line":52,"column":15}},"35":{"start":{"line":44,"column":16},"end":{"line":45,"column":62}},"36":{"start":{"line":45,"column":20},"end":{"line":45,"column":62}},"37":{"start":{"line":46,"column":16},"end":{"line":46,"column":76}},"38":{"start":{"line":47,"column":16},"end":{"line":51,"column":17}},"39":{"start":{"line":48,"column":20},"end":{"line":49,"column":88}},"40":{"start":{"line":49,"column":24},"end":{"line":49,"column":88}},"41":{"start":{"line":50,"column":20},"end":{"line":50,"column":38}},"42":{"start":{"line":55,"column":12},"end":{"line":55,"column":30}},"43":{"start":{"line":56,"column":12},"end":{"line":56,"column":34}},"44":{"start":{"line":59,"column":12},"end":{"line":61,"column":13}},"45":{"start":{"line":60,"column":16},"end":{"line":60,"column":34}},"46":{"start":{"line":62,"column":12},"end":{"line":62,"column":112}},"47":{"start":{"line":63,"column":12},"end":{"line":65,"column":15}},"48":{"start":{"line":64,"column":16},"end":{"line":64,"column":59}},"49":{"start":{"line":66,"column":12},"end":{"line":71,"column":15}},"50":{"start":{"line":67,"column":16},"end":{"line":67,"column":31}},"51":{"start":{"line":68,"column":16},"end":{"line":68,"column":35}},"52":{"start":{"line":69,"column":16},"end":{"line":70,"column":121}},"53":{"start":{"line":70,"column":20},"end":{"line":70,"column":121}},"54":{"start":{"line":72,"column":12},"end":{"line":72,"column":31}},"55":{"start":{"line":75,"column":12},"end":{"line":75,"column":80}},"56":{"start":{"line":76,"column":12},"end":{"line":87,"column":15}},"57":{"start":{"line":77,"column":16},"end":{"line":77,"column":35}},"58":{"start":{"line":78,"column":16},"end":{"line":79,"column":79}},"59":{"start":{"line":79,"column":20},"end":{"line":79,"column":79}},"60":{"start":{"line":80,"column":16},"end":{"line":85,"column":19}},"61":{"start":{"line":86,"column":16},"end":{"line":86,"column":53}},"62":{"start":{"line":90,"column":12},"end":{"line":91,"column":77}},"63":{"start":{"line":91,"column":16},"end":{"line":91,"column":77}},"64":{"start":{"line":92,"column":12},"end":{"line":96,"column":13}},"65":{"start":{"line":93,"column":16},"end":{"line":93,"column":66}},"66":{"start":{"line":94,"column":16},"end":{"line":95,"column":116}},"67":{"start":{"line":95,"column":20},"end":{"line":95,"column":116}},"68":{"start":{"line":99,"column":12},"end":{"line":99,"column":50}},"69":{"start":{"line":100,"column":12},"end":{"line":100,"column":44}},"70":{"start":{"line":101,"column":12},"end":{"line":101,"column":66}},"71":{"start":{"line":102,"column":12},"end":{"line":102,"column":31}},"72":{"start":{"line":103,"column":12},"end":{"line":104,"column":64}},"73":{"start":{"line":104,"column":16},"end":{"line":104,"column":64}},"74":{"start":{"line":108,"column":12},"end":{"line":108,"column":36}},"75":{"start":{"line":109,"column":12},"end":{"line":115,"column":13}},"76":{"start":{"line":110,"column":16},"end":{"line":110,"column":38}},"77":{"start":{"line":111,"column":16},"end":{"line":111,"column":56}},"78":{"start":{"line":112,"column":16},"end":{"line":112,"column":96}},"79":{"start":{"line":113,"column":16},"end":{"line":113,"column":72}},"80":{"start":{"line":114,"column":16},"end":{"line":114,"column":36}},"81":{"start":{"line":118,"column":12},"end":{"line":126,"column":13}},"82":{"start":{"line":119,"column":16},"end":{"line":119,"column":36}},"83":{"start":{"line":120,"column":16},"end":{"line":120,"column":62}},"84":{"start":{"line":121,"column":16},"end":{"line":121,"column":53}},"85":{"start":{"line":122,"column":16},"end":{"line":123,"column":125}},"86":{"start":{"line":123,"column":20},"end":{"line":123,"column":125}},"87":{"start":{"line":124,"column":16},"end":{"line":125,"column":112}},"88":{"start":{"line":125,"column":20},"end":{"line":125,"column":112}},"89":{"start":{"line":129,"column":4},"end":{"line":129,"column":28}}},"branchMap":{"1":{"line":2,"type":"if","locations":[{"start":{"line":2,"column":4},"end":{"line":2,"column":4}},{"start":{"line":2,"column":4},"end":{"line":2,"column":4}}]},"2":{"line":2,"type":"binary-expr","locations":[{"start":{"line":2,"column":8},"end":{"line":2,"column":34}},{"start":{"line":2,"column":38},"end":{"line":2,"column":72}}]},"3":{"line":3,"type":"if","locations":[{"start":{"line":3,"column":43},"end":{"line":3,"column":43}},{"start":{"line":3,"column":43},"end":{"line":3,"column":43}}]},"4":{"line":5,"type":"if","locations":[{"start":{"line":5,"column":9},"end":{"line":5,"column":9}},{"start":{"line":5,"column":9},"end":{"line":5,"column":9}}]},"5":{"line":5,"type":"binary-expr","locations":[{"start":{"line":5,"column":13},"end":{"line":5,"column":41}},{"start":{"line":5,"column":45},"end":{"line":5,"column":55}}]},"6":{"line":34,"type":"if","locations":[{"start":{"line":34,"column":16},"end":{"line":34,"column":16}},{"start":{"line":34,"column":16},"end":{"line":34,"column":16}}]},"7":{"line":44,"type":"if","locations":[{"start":{"line":44,"column":16},"end":{"line":44,"column":16}},{"start":{"line":44,"column":16},"end":{"line":44,"column":16}}]},"8":{"line":47,"type":"if","locations":[{"start":{"line":47,"column":16},"end":{"line":47,"column":16}},{"start":{"line":47,"column":16},"end":{"line":47,"column":16}}]},"9":{"line":48,"type":"if","locations":[{"start":{"line":48,"column":20},"end":{"line":48,"column":20}},{"start":{"line":48,"column":20},"end":{"line":48,"column":20}}]},"10":{"line":59,"type":"if","locations":[{"start":{"line":59,"column":12},"end":{"line":59,"column":12}},{"start":{"line":59,"column":12},"end":{"line":59,"column":12}}]},"11":{"line":69,"type":"if","locations":[{"start":{"line":69,"column":16},"end":{"line":69,"column":16}},{"start":{"line":69,"column":16},"end":{"line":69,"column":16}}]},"12":{"line":78,"type":"if","locations":[{"start":{"line":78,"column":16},"end":{"line":78,"column":16}},{"start":{"line":78,"column":16},"end":{"line":78,"column":16}}]},"13":{"line":90,"type":"if","locations":[{"start":{"line":90,"column":12},"end":{"line":90,"column":12}},{"start":{"line":90,"column":12},"end":{"line":90,"column":12}}]},"14":{"line":92,"type":"if","locations":[{"start":{"line":92,"column":12},"end":{"line":92,"column":12}},{"start":{"line":92,"column":12},"end":{"line":92,"column":12}}]},"15":{"line":94,"type":"if","locations":[{"start":{"line":94,"column":16},"end":{"line":94,"column":16}},{"start":{"line":94,"column":16},"end":{"line":94,"column":16}}]},"16":{"line":103,"type":"if","locations":[{"start":{"line":103,"column":12},"end":{"line":103,"column":12}},{"start":{"line":103,"column":12},"end":{"line":103,"column":12}}]},"17":{"line":118,"type":"if","locations":[{"start":{"line":118,"column":12},"end":{"line":118,"column":12}},{"start":{"line":118,"column":12},"end":{"line":118,"column":12}}]},"18":{"line":122,"type":"if","locations":[{"start":{"line":122,"column":16},"end":{"line":122,"column":16}},{"start":{"line":122,"column":16},"end":{"line":122,"column":16}}]},"19":{"line":124,"type":"if","locations":[{"start":{"line":124,"column":16},"end":{"line":124,"column":16}},{"start":{"line":124,"column":16},"end":{"line":124,"column":16}}]}}},"/home/luis/Icarus/lib/scout.js":{"path":"/home/luis/Icarus/lib/scout.js","s":{"1":1,"2":1,"3":1,"4":1,"5":0,"6":0,"7":0,"8":1,"9":1,"10":1,"11":1,"12":1,"13":1,"14":1,"15":10,"16":10,"17":10,"18":10,"19":10,"20":10,"21":10,"22":10,"23":10,"24":10,"25":0,"26":1,"27":1,"28":1,"29":1,"30":9,"31":1,"32":8,"33":8,"34":8,"35":7,"36":7,"37":1,"38":1,"39":8,"40":8,"41":5,"42":7,"43":7,"44":2,"45":7,"46":2,"47":2,"48":2,"49":2,"50":2,"51":4,"52":4,"53":2,"54":2,"55":2,"56":1,"57":1,"58":1,"59":1,"60":10,"61":16,"62":14,"63":14,"64":1},"b":{"1":[1,0],"2":[1,1],"3":[0,1],"4":[0,0],"5":[0,0],"6":[1,8],"7":[8,0],"8":[7,1],"9":[1,0],"10":[1,0],"11":[5,3],"12":[8,8],"13":[2,5],"14":[2,5],"15":[14,2]},"f":{"1":1,"2":1,"3":10,"4":1,"5":9,"6":8,"7":7,"8":1,"9":10},"fnMap":{"1":{"name":"(anonymous_1)","line":1,"loc":{"start":{"line":1,"column":1},"end":{"line":1,"column":20}}},"2":{"name":"(anonymous_2)","line":8,"loc":{"start":{"line":8,"column":3},"end":{"line":8,"column":31}}},"3":{"name":"(anonymous_3)","line":18,"loc":{"start":{"line":18,"column":19},"end":{"line":18,"column":28}}},"4":{"name":"(anonymous_4)","line":30,"loc":{"start":{"line":30,"column":13},"end":{"line":30,"column":16}}},"5":{"name":"(anonymous_5)","line":40,"loc":{"start":{"line":40,"column":15},"end":{"line":40,"column":25}}},"6":{"name":"(anonymous_6)","line":53,"loc":{"start":{"line":53,"column":48},"end":{"line":53,"column":58}}},"7":{"name":"(anonymous_7)","line":58,"loc":{"start":{"line":58,"column":45},"end":{"line":58,"column":48}}},"8":{"name":"(anonymous_8)","line":80,"loc":{"start":{"line":80,"column":28},"end":{"line":80,"column":37}}},"9":{"name":"(anonymous_9)","line":89,"loc":{"start":{"line":89,"column":28},"end":{"line":89,"column":39}}}},"statementMap":{"1":{"start":{"line":1,"column":0},"end":{"line":99,"column":3}},"2":{"start":{"line":2,"column":4},"end":{"line":7,"column":5}},"3":{"start":{"line":3,"column":8},"end":{"line":3,"column":42}},"4":{"start":{"line":3,"column":43},"end":{"line":3,"column":83}},"5":{"start":{"line":3,"column":64},"end":{"line":3,"column":83}},"6":{"start":{"line":5,"column":9},"end":{"line":7,"column":5}},"7":{"start":{"line":6,"column":8},"end":{"line":6,"column":88}},"8":{"start":{"line":10,"column":4},"end":{"line":10,"column":38}},"9":{"start":{"line":11,"column":4},"end":{"line":11,"column":37}},"10":{"start":{"line":12,"column":4},"end":{"line":12,"column":37}},"11":{"start":{"line":13,"column":4},"end":{"line":13,"column":43}},"12":{"start":{"line":14,"column":4},"end":{"line":14,"column":41}},"13":{"start":{"line":15,"column":4},"end":{"line":15,"column":46}},"14":{"start":{"line":16,"column":4},"end":{"line":16,"column":35}},"15":{"start":{"line":19,"column":12},"end":{"line":19,"column":20}},"16":{"start":{"line":20,"column":12},"end":{"line":20,"column":36}},"17":{"start":{"line":21,"column":12},"end":{"line":21,"column":30}},"18":{"start":{"line":22,"column":12},"end":{"line":22,"column":41}},"19":{"start":{"line":23,"column":12},"end":{"line":23,"column":54}},"20":{"start":{"line":24,"column":12},"end":{"line":24,"column":33}},"21":{"start":{"line":25,"column":12},"end":{"line":25,"column":40}},"22":{"start":{"line":26,"column":12},"end":{"line":26,"column":60}},"23":{"start":{"line":27,"column":12},"end":{"line":27,"column":42}},"24":{"start":{"line":28,"column":12},"end":{"line":28,"column":79}},"25":{"start":{"line":28,"column":50},"end":{"line":28,"column":75}},"26":{"start":{"line":31,"column":12},"end":{"line":35,"column":14}},"27":{"start":{"line":36,"column":12},"end":{"line":36,"column":122}},"28":{"start":{"line":37,"column":12},"end":{"line":37,"column":50}},"29":{"start":{"line":38,"column":12},"end":{"line":38,"column":27}},"30":{"start":{"line":41,"column":12},"end":{"line":42,"column":23}},"31":{"start":{"line":42,"column":16},"end":{"line":42,"column":23}},"32":{"start":{"line":43,"column":12},"end":{"line":44,"column":54}},"33":{"start":{"line":44,"column":16},"end":{"line":44,"column":54}},"34":{"start":{"line":45,"column":12},"end":{"line":51,"column":13}},"35":{"start":{"line":46,"column":16},"end":{"line":46,"column":71}},"36":{"start":{"line":47,"column":16},"end":{"line":47,"column":61}},"37":{"start":{"line":49,"column":17},"end":{"line":51,"column":13}},"38":{"start":{"line":50,"column":16},"end":{"line":50,"column":50}},"39":{"start":{"line":54,"column":12},"end":{"line":54,"column":66}},"40":{"start":{"line":55,"column":12},"end":{"line":56,"column":59}},"41":{"start":{"line":56,"column":16},"end":{"line":56,"column":59}},"42":{"start":{"line":59,"column":12},"end":{"line":59,"column":69}},"43":{"start":{"line":60,"column":12},"end":{"line":61,"column":36}},"44":{"start":{"line":61,"column":16},"end":{"line":61,"column":36}},"45":{"start":{"line":62,"column":12},"end":{"line":78,"column":13}},"46":{"start":{"line":63,"column":16},"end":{"line":63,"column":36}},"47":{"start":{"line":64,"column":16},"end":{"line":64,"column":45}},"48":{"start":{"line":65,"column":16},"end":{"line":65,"column":57}},"49":{"start":{"line":66,"column":16},"end":{"line":66,"column":63}},"50":{"start":{"line":67,"column":16},"end":{"line":70,"column":17}},"51":{"start":{"line":68,"column":20},"end":{"line":68,"column":56}},"52":{"start":{"line":69,"column":20},"end":{"line":69,"column":62}},"53":{"start":{"line":71,"column":16},"end":{"line":75,"column":18}},"54":{"start":{"line":76,"column":16},"end":{"line":76,"column":43}},"55":{"start":{"line":77,"column":16},"end":{"line":77,"column":59}},"56":{"start":{"line":81,"column":12},"end":{"line":84,"column":14}},"57":{"start":{"line":85,"column":12},"end":{"line":85,"column":32}},"58":{"start":{"line":86,"column":12},"end":{"line":86,"column":41}},"59":{"start":{"line":87,"column":12},"end":{"line":87,"column":55}},"60":{"start":{"line":90,"column":12},"end":{"line":95,"column":13}},"61":{"start":{"line":91,"column":16},"end":{"line":94,"column":17}},"62":{"start":{"line":92,"column":20},"end":{"line":92,"column":46}},"63":{"start":{"line":93,"column":20},"end":{"line":93,"column":57}},"64":{"start":{"line":98,"column":4},"end":{"line":98,"column":26}}},"branchMap":{"1":{"line":2,"type":"if","locations":[{"start":{"line":2,"column":4},"end":{"line":2,"column":4}},{"start":{"line":2,"column":4},"end":{"line":2,"column":4}}]},"2":{"line":2,"type":"binary-expr","locations":[{"start":{"line":2,"column":8},"end":{"line":2,"column":34}},{"start":{"line":2,"column":38},"end":{"line":2,"column":72}}]},"3":{"line":3,"type":"if","locations":[{"start":{"line":3,"column":43},"end":{"line":3,"column":43}},{"start":{"line":3,"column":43},"end":{"line":3,"column":43}}]},"4":{"line":5,"type":"if","locations":[{"start":{"line":5,"column":9},"end":{"line":5,"column":9}},{"start":{"line":5,"column":9},"end":{"line":5,"column":9}}]},"5":{"line":5,"type":"binary-expr","locations":[{"start":{"line":5,"column":13},"end":{"line":5,"column":41}},{"start":{"line":5,"column":45},"end":{"line":5,"column":55}}]},"6":{"line":41,"type":"if","locations":[{"start":{"line":41,"column":12},"end":{"line":41,"column":12}},{"start":{"line":41,"column":12},"end":{"line":41,"column":12}}]},"7":{"line":43,"type":"if","locations":[{"start":{"line":43,"column":12},"end":{"line":43,"column":12}},{"start":{"line":43,"column":12},"end":{"line":43,"column":12}}]},"8":{"line":45,"type":"if","locations":[{"start":{"line":45,"column":12},"end":{"line":45,"column":12}},{"start":{"line":45,"column":12},"end":{"line":45,"column":12}}]},"9":{"line":49,"type":"if","locations":[{"start":{"line":49,"column":17},"end":{"line":49,"column":17}},{"start":{"line":49,"column":17},"end":{"line":49,"column":17}}]},"10":{"line":49,"type":"binary-expr","locations":[{"start":{"line":49,"column":21},"end":{"line":49,"column":49}},{"start":{"line":49,"column":53},"end":{"line":49,"column":65}}]},"11":{"line":55,"type":"if","locations":[{"start":{"line":55,"column":12},"end":{"line":55,"column":12}},{"start":{"line":55,"column":12},"end":{"line":55,"column":12}}]},"12":{"line":55,"type":"binary-expr","locations":[{"start":{"line":55,"column":16},"end":{"line":55,"column":65}},{"start":{"line":55,"column":69},"end":{"line":55,"column":111}}]},"13":{"line":60,"type":"if","locations":[{"start":{"line":60,"column":12},"end":{"line":60,"column":12}},{"start":{"line":60,"column":12},"end":{"line":60,"column":12}}]},"14":{"line":62,"type":"if","locations":[{"start":{"line":62,"column":12},"end":{"line":62,"column":12}},{"start":{"line":62,"column":12},"end":{"line":62,"column":12}}]},"15":{"line":91,"type":"if","locations":[{"start":{"line":91,"column":16},"end":{"line":91,"column":16}},{"start":{"line":91,"column":16},"end":{"line":91,"column":16}}]}}},"/home/luis/Icarus/lib/replica.js":{"path":"/home/luis/Icarus/lib/replica.js","s":{"1":1,"2":1,"3":1,"4":1,"5":0,"6":0,"7":0,"8":1,"9":1,"10":1,"11":1,"12":1,"13":8,"14":8,"15":8,"16":8,"17":8,"18":8,"19":8,"20":8,"21":8,"22":8,"23":8,"24":8,"25":8,"26":8,"27":8,"28":8,"29":8,"30":8,"31":0,"32":0,"33":0,"34":0,"35":0,"36":0,"37":0,"38":0,"39":7,"40":7,"41":6,"42":6,"43":6,"44":4,"45":6,"46":6,"47":6,"48":6,"49":2,"50":0,"51":2,"52":0,"53":2,"54":2,"55":2,"56":2,"57":2,"58":4,"59":2,"60":2,"61":2,"62":2,"63":0,"64":2,"65":2,"66":2,"67":2,"68":2,"69":2,"70":2,"71":2,"72":2,"73":0,"74":4,"75":1,"76":3,"77":3,"78":3,"79":4,"80":4,"81":2,"82":2,"83":1,"84":2,"85":4,"86":10,"87":6,"88":4,"89":3,"90":1,"91":0,"92":0,"93":2,"94":2,"95":3,"96":0,"97":3,"98":7,"99":1,"100":2,"101":1},"b":{"1":[1,0],"2":[1,1],"3":[0,1],"4":[0,0],"5":[0,0],"6":[0],"7":[6,1],"8":[7,7],"9":[4,2],"10":[0,2],"11":[0,2],"12":[2,2],"13":[0,2],"14":[2,0],"15":[1,3],"16":[2,2],"17":[4,4],"18":[1,1],"19":[6,4],"20":[3,1],"21":[0,3],"22":[1,6]},"f":{"1":1,"2":1,"3":8,"4":0,"5":7,"6":2,"7":2,"8":4,"9":10,"10":0,"11":2,"12":3},"fnMap":{"1":{"name":"(anonymous_1)","line":1,"loc":{"start":{"line":1,"column":1},"end":{"line":1,"column":20}}},"2":{"name":"(anonymous_2)","line":8,"loc":{"start":{"line":8,"column":3},"end":{"line":8,"column":31}}},"3":{"name":"(anonymous_3)","line":16,"loc":{"start":{"line":16,"column":19},"end":{"line":16,"column":28}}},"4":{"name":"(anonymous_4)","line":36,"loc":{"start":{"line":36,"column":21},"end":{"line":36,"column":24}}},"5":{"name":"(anonymous_5)","line":50,"loc":{"start":{"line":50,"column":15},"end":{"line":50,"column":27}}},"6":{"name":"(anonymous_6)","line":63,"loc":{"start":{"line":63,"column":16},"end":{"line":63,"column":34}}},"7":{"name":"(anonymous_7)","line":84,"loc":{"start":{"line":84,"column":15},"end":{"line":84,"column":27}}},"8":{"name":"(anonymous_8)","line":104,"loc":{"start":{"line":104,"column":34},"end":{"line":104,"column":46}}},"9":{"name":"(anonymous_9)","line":120,"loc":{"start":{"line":120,"column":22},"end":{"line":120,"column":25}}},"10":{"name":"(anonymous_10)","line":128,"loc":{"start":{"line":128,"column":29},"end":{"line":128,"column":41}}},"11":{"name":"(anonymous_11)","line":132,"loc":{"start":{"line":132,"column":30},"end":{"line":132,"column":42}}},"12":{"name":"(anonymous_12)","line":136,"loc":{"start":{"line":136,"column":33},"end":{"line":136,"column":51}}}},"statementMap":{"1":{"start":{"line":1,"column":0},"end":{"line":147,"column":3}},"2":{"start":{"line":2,"column":4},"end":{"line":7,"column":5}},"3":{"start":{"line":3,"column":8},"end":{"line":3,"column":42}},"4":{"start":{"line":3,"column":43},"end":{"line":3,"column":83}},"5":{"start":{"line":3,"column":64},"end":{"line":3,"column":83}},"6":{"start":{"line":5,"column":9},"end":{"line":7,"column":5}},"7":{"start":{"line":6,"column":8},"end":{"line":6,"column":79}},"8":{"start":{"line":10,"column":4},"end":{"line":10,"column":37}},"9":{"start":{"line":11,"column":4},"end":{"line":11,"column":43}},"10":{"start":{"line":12,"column":4},"end":{"line":12,"column":41}},"11":{"start":{"line":13,"column":4},"end":{"line":13,"column":33}},"12":{"start":{"line":14,"column":4},"end":{"line":14,"column":35}},"13":{"start":{"line":17,"column":12},"end":{"line":17,"column":37}},"14":{"start":{"line":18,"column":12},"end":{"line":18,"column":30}},"15":{"start":{"line":19,"column":12},"end":{"line":19,"column":39}},"16":{"start":{"line":20,"column":12},"end":{"line":20,"column":39}},"17":{"start":{"line":21,"column":12},"end":{"line":21,"column":48}},"18":{"start":{"line":22,"column":12},"end":{"line":22,"column":47}},"19":{"start":{"line":23,"column":12},"end":{"line":23,"column":55}},"20":{"start":{"line":24,"column":12},"end":{"line":24,"column":55}},"21":{"start":{"line":25,"column":12},"end":{"line":25,"column":45}},"22":{"start":{"line":26,"column":12},"end":{"line":26,"column":30}},"23":{"start":{"line":27,"column":12},"end":{"line":27,"column":39}},"24":{"start":{"line":28,"column":12},"end":{"line":28,"column":53}},"25":{"start":{"line":29,"column":12},"end":{"line":29,"column":53}},"26":{"start":{"line":30,"column":12},"end":{"line":30,"column":62}},"27":{"start":{"line":31,"column":12},"end":{"line":31,"column":61}},"28":{"start":{"line":32,"column":12},"end":{"line":32,"column":38}},"29":{"start":{"line":33,"column":12},"end":{"line":33,"column":47}},"30":{"start":{"line":34,"column":12},"end":{"line":34,"column":47}},"31":{"start":{"line":37,"column":12},"end":{"line":37,"column":28}},"32":{"start":{"line":38,"column":12},"end":{"line":45,"column":15}},"33":{"start":{"line":39,"column":16},"end":{"line":39,"column":37}},"34":{"start":{"line":40,"column":16},"end":{"line":44,"column":17}},"35":{"start":{"line":42,"column":24},"end":{"line":42,"column":91}},"36":{"start":{"line":43,"column":24},"end":{"line":43,"column":30}},"37":{"start":{"line":46,"column":12},"end":{"line":48,"column":15}},"38":{"start":{"line":47,"column":16},"end":{"line":47,"column":41}},"39":{"start":{"line":51,"column":12},"end":{"line":51,"column":69}},"40":{"start":{"line":52,"column":12},"end":{"line":61,"column":13}},"41":{"start":{"line":53,"column":16},"end":{"line":53,"column":49}},"42":{"start":{"line":54,"column":16},"end":{"line":54,"column":38}},"43":{"start":{"line":55,"column":16},"end":{"line":56,"column":56}},"44":{"start":{"line":56,"column":20},"end":{"line":56,"column":56}},"45":{"start":{"line":57,"column":16},"end":{"line":57,"column":56}},"46":{"start":{"line":58,"column":16},"end":{"line":58,"column":55}},"47":{"start":{"line":59,"column":16},"end":{"line":59,"column":49}},"48":{"start":{"line":60,"column":16},"end":{"line":60,"column":54}},"49":{"start":{"line":64,"column":12},"end":{"line":65,"column":68}},"50":{"start":{"line":65,"column":16},"end":{"line":65,"column":68}},"51":{"start":{"line":66,"column":12},"end":{"line":67,"column":41}},"52":{"start":{"line":67,"column":16},"end":{"line":67,"column":41}},"53":{"start":{"line":68,"column":12},"end":{"line":68,"column":48}},"54":{"start":{"line":69,"column":12},"end":{"line":69,"column":69}},"55":{"start":{"line":70,"column":12},"end":{"line":70,"column":50}},"56":{"start":{"line":71,"column":12},"end":{"line":71,"column":45}},"57":{"start":{"line":72,"column":12},"end":{"line":81,"column":14}},"58":{"start":{"line":73,"column":16},"end":{"line":74,"column":45}},"59":{"start":{"line":74,"column":20},"end":{"line":74,"column":45}},"60":{"start":{"line":75,"column":16},"end":{"line":75,"column":59}},"61":{"start":{"line":76,"column":16},"end":{"line":80,"column":19}},"62":{"start":{"line":77,"column":20},"end":{"line":78,"column":77}},"63":{"start":{"line":78,"column":24},"end":{"line":78,"column":77}},"64":{"start":{"line":79,"column":20},"end":{"line":79,"column":50}},"65":{"start":{"line":82,"column":12},"end":{"line":82,"column":42}},"66":{"start":{"line":85,"column":12},"end":{"line":85,"column":62}},"67":{"start":{"line":86,"column":12},"end":{"line":86,"column":28}},"68":{"start":{"line":87,"column":12},"end":{"line":102,"column":41}},"69":{"start":{"line":88,"column":16},"end":{"line":93,"column":19}},"70":{"start":{"line":94,"column":16},"end":{"line":99,"column":19}},"71":{"start":{"line":95,"column":20},"end":{"line":97,"column":39}},"72":{"start":{"line":98,"column":20},"end":{"line":98,"column":54}},"73":{"start":{"line":102,"column":16},"end":{"line":102,"column":41}},"74":{"start":{"line":105,"column":12},"end":{"line":106,"column":23}},"75":{"start":{"line":106,"column":16},"end":{"line":106,"column":23}},"76":{"start":{"line":107,"column":12},"end":{"line":107,"column":68}},"77":{"start":{"line":108,"column":12},"end":{"line":108,"column":38}},"78":{"start":{"line":109,"column":12},"end":{"line":118,"column":13}},"79":{"start":{"line":110,"column":16},"end":{"line":110,"column":37}},"80":{"start":{"line":111,"column":16},"end":{"line":116,"column":17}},"81":{"start":{"line":112,"column":20},"end":{"line":112,"column":65}},"82":{"start":{"line":113,"column":20},"end":{"line":114,"column":61}},"83":{"start":{"line":114,"column":24},"end":{"line":114,"column":61}},"84":{"start":{"line":115,"column":20},"end":{"line":115,"column":37}},"85":{"start":{"line":117,"column":16},"end":{"line":117,"column":38}},"86":{"start":{"line":121,"column":12},"end":{"line":122,"column":54}},"87":{"start":{"line":122,"column":16},"end":{"line":122,"column":54}},"88":{"start":{"line":123,"column":12},"end":{"line":126,"column":54}},"89":{"start":{"line":124,"column":16},"end":{"line":124,"column":54}},"90":{"start":{"line":126,"column":16},"end":{"line":126,"column":54}},"91":{"start":{"line":129,"column":12},"end":{"line":129,"column":72}},"92":{"start":{"line":130,"column":12},"end":{"line":130,"column":55}},"93":{"start":{"line":133,"column":12},"end":{"line":133,"column":72}},"94":{"start":{"line":134,"column":12},"end":{"line":134,"column":54}},"95":{"start":{"line":137,"column":12},"end":{"line":138,"column":29}},"96":{"start":{"line":138,"column":16},"end":{"line":138,"column":29}},"97":{"start":{"line":139,"column":12},"end":{"line":142,"column":13}},"98":{"start":{"line":140,"column":16},"end":{"line":141,"column":32}},"99":{"start":{"line":141,"column":20},"end":{"line":141,"column":32}},"100":{"start":{"line":143,"column":12},"end":{"line":143,"column":25}},"101":{"start":{"line":146,"column":4},"end":{"line":146,"column":30}}},"branchMap":{"1":{"line":2,"type":"if","locations":[{"start":{"line":2,"column":4},"end":{"line":2,"column":4}},{"start":{"line":2,"column":4},"end":{"line":2,"column":4}}]},"2":{"line":2,"type":"binary-expr","locations":[{"start":{"line":2,"column":8},"end":{"line":2,"column":34}},{"start":{"line":2,"column":38},"end":{"line":2,"column":72}}]},"3":{"line":3,"type":"if","locations":[{"start":{"line":3,"column":43},"end":{"line":3,"column":43}},{"start":{"line":3,"column":43},"end":{"line":3,"column":43}}]},"4":{"line":5,"type":"if","locations":[{"start":{"line":5,"column":9},"end":{"line":5,"column":9}},{"start":{"line":5,"column":9},"end":{"line":5,"column":9}}]},"5":{"line":5,"type":"binary-expr","locations":[{"start":{"line":5,"column":13},"end":{"line":5,"column":41}},{"start":{"line":5,"column":45},"end":{"line":5,"column":55}}]},"6":{"line":40,"type":"switch","locations":[{"start":{"line":41,"column":20},"end":{"line":43,"column":30}}]},"7":{"line":52,"type":"if","locations":[{"start":{"line":52,"column":12},"end":{"line":52,"column":12}},{"start":{"line":52,"column":12},"end":{"line":52,"column":12}}]},"8":{"line":52,"type":"binary-expr","locations":[{"start":{"line":52,"column":16},"end":{"line":52,"column":48}},{"start":{"line":52,"column":52},"end":{"line":52,"column":85}}]},"9":{"line":55,"type":"if","locations":[{"start":{"line":55,"column":16},"end":{"line":55,"column":16}},{"start":{"line":55,"column":16},"end":{"line":55,"column":16}}]},"10":{"line":64,"type":"if","locations":[{"start":{"line":64,"column":12},"end":{"line":64,"column":12}},{"start":{"line":64,"column":12},"end":{"line":64,"column":12}}]},"11":{"line":66,"type":"if","locations":[{"start":{"line":66,"column":12},"end":{"line":66,"column":12}},{"start":{"line":66,"column":12},"end":{"line":66,"column":12}}]},"12":{"line":73,"type":"if","locations":[{"start":{"line":73,"column":16},"end":{"line":73,"column":16}},{"start":{"line":73,"column":16},"end":{"line":73,"column":16}}]},"13":{"line":77,"type":"if","locations":[{"start":{"line":77,"column":20},"end":{"line":77,"column":20}},{"start":{"line":77,"column":20},"end":{"line":77,"column":20}}]},"14":{"line":87,"type":"if","locations":[{"start":{"line":87,"column":12},"end":{"line":87,"column":12}},{"start":{"line":87,"column":12},"end":{"line":87,"column":12}}]},"15":{"line":105,"type":"if","locations":[{"start":{"line":105,"column":12},"end":{"line":105,"column":12}},{"start":{"line":105,"column":12},"end":{"line":105,"column":12}}]},"16":{"line":111,"type":"if","locations":[{"start":{"line":111,"column":16},"end":{"line":111,"column":16}},{"start":{"line":111,"column":16},"end":{"line":111,"column":16}}]},"17":{"line":111,"type":"binary-expr","locations":[{"start":{"line":111,"column":20},"end":{"line":111,"column":56}},{"start":{"line":111,"column":60},"end":{"line":111,"column":82}}]},"18":{"line":113,"type":"if","locations":[{"start":{"line":113,"column":20},"end":{"line":113,"column":20}},{"start":{"line":113,"column":20},"end":{"line":113,"column":20}}]},"19":{"line":121,"type":"if","locations":[{"start":{"line":121,"column":12},"end":{"line":121,"column":12}},{"start":{"line":121,"column":12},"end":{"line":121,"column":12}}]},"20":{"line":123,"type":"if","locations":[{"start":{"line":123,"column":12},"end":{"line":123,"column":12}},{"start":{"line":123,"column":12},"end":{"line":123,"column":12}}]},"21":{"line":137,"type":"if","locations":[{"start":{"line":137,"column":12},"end":{"line":137,"column":12}},{"start":{"line":137,"column":12},"end":{"line":137,"column":12}}]},"22":{"line":140,"type":"if","locations":[{"start":{"line":140,"column":16},"end":{"line":140,"column":16}},{"start":{"line":140,"column":16},"end":{"line":140,"column":16}}]}}}}