TN:
SF:/home/luis/Icarus/lib/acceptor.js
FN:1,(anonymous_1)
FN:8,(anonymous_2)
FN:17,(anonymous_3)
FN:26,(anonymous_4)
FN:48,(anonymous_5)
FN:52,(anonymous_6)
FN:60,(anonymous_7)
FN:72,(anonymous_8)
FN:92,(anonymous_9)
FN:105,(anonymous_10)
FN:107,(anonymous_11)
FN:128,(anonymous_12)
FN:150,(anonymous_13)
FNF:13
FNH:11
FNDA:1,(anonymous_1)
FNDA:1,(anonymous_2)
FNDA:14,(anonymous_3)
FNDA:0,(anonymous_4)
FNDA:1,(anonymous_5)
FNDA:3,(anonymous_6)
FNDA:3,(anonymous_7)
FNDA:13,(anonymous_8)
FNDA:13,(anonymous_9)
FNDA:0,(anonymous_10)
FNDA:3,(anonymous_11)
FNDA:5,(anonymous_12)
FNDA:1,(anonymous_13)
DA:1,1
DA:2,1
DA:3,1
DA:5,0
DA:6,0
DA:10,1
DA:11,1
DA:12,1
DA:13,1
DA:14,1
DA:15,1
DA:18,14
DA:19,14
DA:20,14
DA:21,14
DA:22,14
DA:23,14
DA:24,0
DA:27,0
DA:28,0
DA:29,0
DA:30,0
DA:32,0
DA:33,0
DA:35,0
DA:39,0
DA:41,0
DA:42,0
DA:44,0
DA:49,1
DA:50,1
DA:53,3
DA:54,2
DA:55,0
DA:56,2
DA:58,3
DA:61,3
DA:62,3
DA:66,3
DA:70,3
DA:73,13
DA:74,12
DA:76,1
DA:77,1
DA:78,0
DA:80,13
DA:81,0
DA:82,13
DA:83,13
DA:84,0
DA:85,13
DA:86,13
DA:87,13
DA:88,0
DA:90,13
DA:93,13
DA:103,13
DA:108,3
DA:109,3
DA:110,3
DA:111,9
DA:112,9
DA:114,3
DA:115,3
DA:116,3
DA:117,9
DA:118,9
DA:120,3
DA:124,3
DA:125,3
DA:126,3
DA:129,5
DA:130,5
DA:131,5
DA:132,8
DA:133,8
DA:134,6
DA:136,5
DA:137,5
DA:147,5
DA:148,5
DA:151,1
DA:152,1
DA:153,1
DA:154,0
DA:155,1
DA:157,1
DA:158,2
DA:162,1
LF:89
LH:69
BRDA:2,1,0,1
BRDA:2,1,1,0
BRDA:2,2,0,1
BRDA:2,2,1,1
BRDA:3,3,0,0
BRDA:3,3,1,1
BRDA:5,4,0,0
BRDA:5,4,1,0
BRDA:5,5,0,0
BRDA:5,5,1,0
BRDA:23,6,0,0
BRDA:23,6,1,14
BRDA:30,7,0,0
BRDA:30,7,1,0
BRDA:30,7,2,0
BRDA:30,7,3,0
BRDA:53,8,0,2
BRDA:53,8,1,1
BRDA:54,9,0,0
BRDA:54,9,1,2
BRDA:73,10,0,12
BRDA:73,10,1,1
BRDA:77,11,0,0
BRDA:77,11,1,1
BRDA:77,12,0,1
BRDA:77,12,1,1
BRDA:77,12,2,0
BRDA:80,13,0,0
BRDA:80,13,1,13
BRDA:82,14,0,13
BRDA:82,14,1,0
BRDA:83,15,0,0
BRDA:83,15,1,13
BRDA:87,16,0,0
BRDA:87,16,1,13
BRDA:111,17,0,9
BRDA:111,17,1,0
BRDA:117,18,0,1
BRDA:117,18,1,8
BRDA:133,19,0,6
BRDA:133,19,1,2
BRDA:133,20,0,8
BRDA:133,20,1,7
BRDA:133,20,2,3
BRDA:152,21,0,1
BRDA:152,21,1,0
BRDA:153,22,0,0
BRDA:153,22,1,1
BRF:48
BRH:27
end_of_record
TN:
SF:/home/luis/Icarus/lib/ballot.js
FN:1,(anonymous_1)
FN:8,(anonymous_2)
FN:11,(anonymous_3)
FN:19,(anonymous_4)
FN:31,(anonymous_5)
FN:37,(anonymous_6)
FN:43,(anonymous_7)
FN:51,(anonymous_8)
FNF:8
FNH:8
FNDA:1,(anonymous_1)
FNDA:1,(anonymous_2)
FNDA:80,(anonymous_3)
FNDA:28,(anonymous_4)
FNDA:15,(anonymous_5)
FNDA:32,(anonymous_6)
FNDA:90,(anonymous_7)
FNDA:90,(anonymous_8)
DA:1,1
DA:2,1
DA:3,1
DA:5,0
DA:6,0
DA:12,80
DA:13,80
DA:14,80
DA:15,64
DA:16,64
DA:20,28
DA:21,3
DA:22,25
DA:23,12
DA:24,13
DA:25,13
DA:26,13
DA:27,4
DA:29,9
DA:32,15
DA:33,7
DA:35,8
DA:38,32
DA:39,32
DA:40,32
DA:41,21
DA:44,90
DA:45,90
DA:46,1489
DA:47,1126
DA:49,90
DA:52,90
DA:53,90
DA:54,90
DA:55,90
DA:56,746
DA:57,746
DA:58,746
DA:59,743
DA:61,3
DA:62,3
DA:64,746
DA:66,90
DA:69,1
LF:44
LH:42
BRDA:2,1,0,1
BRDA:2,1,1,0
BRDA:2,2,0,1
BRDA:2,2,1,1
BRDA:3,3,0,0
BRDA:3,3,1,1
BRDA:5,4,0,0
BRDA:5,4,1,0
BRDA:5,5,0,0
BRDA:5,5,1,0
BRDA:14,6,0,64
BRDA:14,6,1,16
BRDA:20,7,0,3
BRDA:20,7,1,25
BRDA:22,8,0,12
BRDA:22,8,1,13
BRDA:26,9,0,4
BRDA:26,9,1,9
BRDA:32,10,0,7
BRDA:32,10,1,8
BRDA:40,11,0,21
BRDA:40,11,1,11
BRDA:40,12,0,32
BRDA:40,12,1,21
BRDA:46,13,0,1126
BRDA:46,13,1,363
BRDA:58,14,0,743
BRDA:58,14,1,3
BRF:28
BRH:22
end_of_record
TN:
SF:/home/luis/Icarus/lib/message.js
FN:1,(anonymous_1)
FN:8,(anonymous_2)
FN:13,(anonymous_3)
FNF:3
FNH:3
FNDA:1,(anonymous_1)
FNDA:1,(anonymous_2)
FNDA:28,(anonymous_3)
DA:1,1
DA:2,1
DA:3,1
DA:5,0
DA:6,0
DA:10,1
DA:11,1
DA:14,28
DA:15,28
DA:16,28
DA:17,28
DA:18,28
DA:19,28
DA:20,28
DA:21,28
DA:22,28
DA:23,28
DA:24,28
DA:25,28
DA:28,1
LF:20
LH:18
BRDA:2,1,0,1
BRDA:2,1,1,0
BRDA:2,2,0,1
BRDA:2,2,1,1
BRDA:3,3,0,0
BRDA:3,3,1,1
BRDA:5,4,0,0
BRDA:5,4,1,0
BRDA:5,5,0,0
BRDA:5,5,1,0
BRF:10
BRH:4
end_of_record
TN:
SF:/home/luis/Icarus/lib/map.js
FN:1,(anonymous_1)
FN:8,(anonymous_2)
FN:13,(anonymous_3)
FN:16,(anonymous_4)
FN:19,(anonymous_5)
FN:22,(anonymous_6)
FN:32,(anonymous_7)
FN:35,(anonymous_8)
FN:45,(anonymous_9)
FN:56,(anonymous_10)
FN:59,(anonymous_11)
FN:62,(anonymous_12)
FN:65,(anonymous_13)
FN:72,(anonymous_14)
FN:75,(anonymous_15)
FN:90,(anonymous_16)
FN:111,(anonymous_17)
FN:112,(anonymous_18)
FNF:18
FNH:18
FNDA:1,(anonymous_1)
FNDA:1,(anonymous_2)
FNDA:84,(anonymous_3)
FNDA:13,(anonymous_4)
FNDA:23,(anonymous_5)
FNDA:1,(anonymous_6)
FNDA:8,(anonymous_7)
FNDA:8,(anonymous_8)
FNDA:76,(anonymous_9)
FNDA:38,(anonymous_10)
FNDA:107,(anonymous_11)
FNDA:1,(anonymous_12)
FNDA:7,(anonymous_13)
FNDA:2,(anonymous_14)
FNDA:7,(anonymous_15)
FNDA:7,(anonymous_16)
FNDA:2,(anonymous_17)
FNDA:4,(anonymous_18)
DA:1,1
DA:2,1
DA:3,1
DA:5,0
DA:6,0
DA:10,1
DA:11,1
DA:14,84
DA:17,13
DA:20,23
DA:23,1
DA:24,1
DA:25,1
DA:26,1
DA:27,2
DA:28,2
DA:30,1
DA:33,8
DA:36,8
DA:37,8
DA:38,8
DA:39,8
DA:40,9
DA:41,9
DA:43,8
DA:46,76
DA:47,76
DA:48,74
DA:50,2
DA:51,2
DA:53,0
DA:57,38
DA:60,107
DA:63,1
DA:66,7
DA:67,7
DA:68,7
DA:69,7
DA:70,7
DA:73,2
DA:76,7
DA:77,7
DA:78,0
DA:79,7
DA:80,7
DA:81,7
DA:82,7
DA:83,6
DA:84,6
DA:85,4
DA:87,6
DA:91,7
DA:92,7
DA:93,7
DA:94,7
DA:95,7
DA:96,6
DA:97,7
DA:98,7
DA:99,2
DA:100,7
DA:101,10
DA:102,10
DA:106,7
DA:107,10
DA:109,7
DA:112,4
DA:113,2
DA:116,1
LF:69
LH:65
BRDA:2,1,0,1
BRDA:2,1,1,0
BRDA:2,2,0,1
BRDA:2,2,1,1
BRDA:3,3,0,0
BRDA:3,3,1,1
BRDA:5,4,0,0
BRDA:5,4,1,0
BRDA:5,5,0,0
BRDA:5,5,1,0
BRDA:47,6,0,74
BRDA:47,6,1,2
BRDA:47,7,0,76
BRDA:47,7,1,4
BRDA:50,8,0,2
BRDA:50,8,1,0
BRDA:77,9,0,0
BRDA:77,9,1,7
BRDA:84,10,0,4
BRDA:84,10,1,2
BRDA:95,11,0,6
BRDA:95,11,1,1
BRDA:98,12,0,2
BRDA:98,12,1,5
BRDA:102,13,0,7
BRDA:102,13,1,3
BRDA:102,14,0,10
BRDA:102,14,1,10
BRDA:102,14,2,7
BRDA:102,14,3,4
BRDA:102,14,4,7
BRDA:102,14,5,3
BRDA:102,14,6,3
BRDA:102,14,7,5
BRDA:102,14,8,4
BRDA:102,14,9,3
BRDA:102,14,10,2
BRF:37
BRH:29
end_of_record
TN:
SF:/home/luis/Icarus/lib/rol.js
FN:1,(anonymous_1)
FN:8,(anonymous_2)
FN:11,(anonymous_3)
FN:15,(anonymous_4)
FN:32,(anonymous_5)
FN:40,getRol
FNF:6
FNH:3
FNDA:1,(anonymous_1)
FNDA:1,(anonymous_2)
FNDA:0,(anonymous_3)
FNDA:29,(anonymous_4)
FNDA:0,(anonymous_5)
FNDA:0,getRol
DA:1,1
DA:2,1
DA:3,1
DA:5,0
DA:6,0
DA:10,1
DA:11,1
DA:12,0
DA:16,29
DA:17,29
DA:18,29
DA:19,29
DA:21,0
DA:22,29
DA:23,0
DA:26,0
DA:27,0
DA:29,29
DA:30,0
DA:33,0
DA:34,0
DA:35,0
DA:36,0
DA:39,1
DA:40,1
DA:41,0
DA:42,0
DA:44,1
LF:28
LH:14
BRDA:2,1,0,1
BRDA:2,1,1,0
BRDA:2,2,0,1
BRDA:2,2,1,1
BRDA:3,3,0,0
BRDA:3,3,1,1
BRDA:5,4,0,0
BRDA:5,4,1,0
BRDA:5,5,0,0
BRDA:5,5,1,0
BRDA:18,6,0,29
BRDA:18,6,1,0
BRDA:18,7,0,29
BRDA:18,7,1,29
BRDA:22,8,0,0
BRDA:22,8,1,29
BRDA:26,9,0,0
BRDA:26,9,1,0
BRDA:26,10,0,0
BRDA:26,10,1,0
BRDA:29,11,0,0
BRDA:29,11,1,29
BRDA:29,12,0,29
BRDA:29,12,1,29
BRDA:29,12,2,0
BRF:25
BRH:11
end_of_record
TN:
SF:/home/luis/Icarus/lib/commander.js
FN:1,(anonymous_1)
FN:8,(anonymous_2)
FN:17,(anonymous_3)
FN:23,(anonymous_4)
FN:33,(anonymous_5)
FN:59,(anonymous_6)
FNF:6
FNH:5
FNDA:1,(anonymous_1)
FNDA:1,(anonymous_2)
FNDA:10,(anonymous_3)
FNDA:0,(anonymous_4)
FNDA:2,(anonymous_5)
FNDA:10,(anonymous_6)
DA:1,1
DA:2,1
DA:3,1
DA:5,0
DA:6,0
DA:10,1
DA:11,1
DA:12,1
DA:13,1
DA:14,1
DA:15,1
DA:18,10
DA:19,10
DA:20,10
DA:21,10
DA:24,0
DA:25,0
DA:34,2
DA:35,1
DA:36,1
DA:39,1
DA:46,1
DA:56,1
DA:60,10
DA:61,1
DA:62,9
DA:63,5
DA:71,9
DA:72,9
DA:73,9
DA:74,1
DA:75,8
DA:76,7
DA:77,8
DA:78,1
DA:79,1
DA:81,7
DA:82,1
DA:83,1
DA:87,1
LF:40
LH:36
BRDA:2,1,0,1
BRDA:2,1,1,0
BRDA:2,2,0,1
BRDA:2,2,1,1
BRDA:3,3,0,0
BRDA:3,3,1,1
BRDA:5,4,0,0
BRDA:5,4,1,0
BRDA:5,5,0,0
BRDA:5,5,1,0
BRDA:24,6,0,0
BRDA:24,6,1,0
BRDA:34,7,0,1
BRDA:34,7,1,1
BRDA:60,8,0,1
BRDA:60,8,1,9
BRDA:62,9,0,5
BRDA:62,9,1,4
BRDA:73,10,0,1
BRDA:73,10,1,8
BRDA:73,11,0,9
BRDA:73,11,1,9
BRDA:75,12,0,7
BRDA:75,12,1,1
BRDA:77,13,0,1
BRDA:77,13,1,7
BRDA:81,14,0,1
BRDA:81,14,1,6
BRF:28
BRH:20
end_of_record
TN:
SF:/home/luis/Icarus/lib/icarus_utils.js
FN:1,(anonymous_1)
FN:8,(anonymous_2)
FN:12,(anonymous_3)
FN:15,(anonymous_4)
FN:18,(anonymous_5)
FN:21,(anonymous_6)
FN:24,(anonymous_7)
FN:27,(anonymous_8)
FN:30,(anonymous_9)
FN:33,(anonymous_10)
FNF:10
FNH:4
FNDA:1,(anonymous_1)
FNDA:1,(anonymous_2)
FNDA:0,(anonymous_3)
FNDA:8,(anonymous_4)
FNDA:0,(anonymous_5)
FNDA:0,(anonymous_6)
FNDA:0,(anonymous_7)
FNDA:0,(anonymous_8)
FNDA:0,(anonymous_9)
FNDA:6,(anonymous_10)
DA:1,1
DA:2,1
DA:3,1
DA:5,0
DA:6,0
DA:10,1
DA:13,0
DA:16,8
DA:19,0
DA:22,0
DA:25,0
DA:28,0
DA:31,0
DA:34,6
DA:37,1
LF:15
LH:7
BRDA:2,1,0,1
BRDA:2,1,1,0
BRDA:2,2,0,1
BRDA:2,2,1,1
BRDA:3,3,0,0
BRDA:3,3,1,1
BRDA:5,4,0,0
BRDA:5,4,1,0
BRDA:5,5,0,0
BRDA:5,5,1,0
BRF:10
BRH:4
end_of_record
TN:
SF:/home/luis/Icarus/lib/leader.js
FN:1,(anonymous_1)
FN:8,(anonymous_2)
FN:20,(anonymous_3)
FN:31,(anonymous_4)
FN:54,(anonymous_5)
FN:58,(anonymous_6)
FN:74,(anonymous_7)
FN:89,(anonymous_8)
FN:98,(anonymous_9)
FN:107,(anonymous_10)
FN:117,(anonymous_11)
FNF:11
FNH:7
FNDA:1,(anonymous_1)
FNDA:1,(anonymous_2)
FNDA:7,(anonymous_3)
FNDA:0,(anonymous_4)
FNDA:0,(anonymous_5)
FNDA:0,(anonymous_6)
FNDA:0,(anonymous_7)
FNDA:6,(anonymous_8)
FNDA:3,(anonymous_9)
FNDA:3,(anonymous_10)
FNDA:1,(anonymous_11)
DA:1,1
DA:2,1
DA:3,1
DA:5,0
DA:6,0
DA:10,1
DA:11,1
DA:12,1
DA:13,1
DA:14,1
DA:15,1
DA:16,1
DA:17,1
DA:18,1
DA:21,7
DA:22,7
DA:23,7
DA:24,7
DA:25,7
DA:26,7
DA:27,7
DA:28,0
DA:32,0
DA:33,0
DA:34,0
DA:35,0
DA:36,0
DA:39,0
DA:40,0
DA:41,0
DA:43,0
DA:44,0
DA:45,0
DA:46,0
DA:47,0
DA:48,0
DA:49,0
DA:50,0
DA:55,0
DA:56,0
DA:59,0
DA:60,0
DA:62,0
DA:63,0
DA:64,0
DA:66,0
DA:67,0
DA:68,0
DA:69,0
DA:70,0
DA:72,0
DA:75,0
DA:76,0
DA:77,0
DA:78,0
DA:79,0
DA:80,0
DA:86,0
DA:90,6
DA:91,6
DA:92,6
DA:93,5
DA:94,5
DA:95,0
DA:99,3
DA:100,3
DA:101,3
DA:102,3
DA:103,3
DA:104,3
DA:108,3
DA:109,3
DA:110,4
DA:111,4
DA:112,4
DA:113,4
DA:114,4
DA:118,1
DA:119,1
DA:120,1
DA:121,1
DA:122,1
DA:123,1
DA:124,1
DA:125,1
DA:129,1
LF:86
LH:46
BRDA:2,1,0,1
BRDA:2,1,1,0
BRDA:2,2,0,1
BRDA:2,2,1,1
BRDA:3,3,0,0
BRDA:3,3,1,1
BRDA:5,4,0,0
BRDA:5,4,1,0
BRDA:5,5,0,0
BRDA:5,5,1,0
BRDA:34,6,0,0
BRDA:34,6,1,0
BRDA:44,7,0,0
BRDA:44,7,1,0
BRDA:47,8,0,0
BRDA:47,8,1,0
BRDA:48,9,0,0
BRDA:48,9,1,0
BRDA:59,10,0,0
BRDA:59,10,1,0
BRDA:69,11,0,0
BRDA:69,11,1,0
BRDA:78,12,0,0
BRDA:78,12,1,0
BRDA:90,13,0,6
BRDA:90,13,1,0
BRDA:92,14,0,5
BRDA:92,14,1,1
BRDA:94,15,0,0
BRDA:94,15,1,5
BRDA:103,16,0,3
BRDA:103,16,1,0
BRDA:118,17,0,1
BRDA:118,17,1,0
BRDA:122,18,0,1
BRDA:122,18,1,0
BRDA:124,19,0,1
BRDA:124,19,1,0
BRF:38
BRH:12
end_of_record
TN:
SF:/home/luis/Icarus/lib/scout.js
FN:1,(anonymous_1)
FN:8,(anonymous_2)
FN:18,(anonymous_3)
FN:30,(anonymous_4)
FN:40,(anonymous_5)
FN:53,(anonymous_6)
FN:58,(anonymous_7)
FN:80,(anonymous_8)
FN:89,(anonymous_9)
FNF:9
FNH:9
FNDA:1,(anonymous_1)
FNDA:1,(anonymous_2)
FNDA:10,(anonymous_3)
FNDA:1,(anonymous_4)
FNDA:9,(anonymous_5)
FNDA:8,(anonymous_6)
FNDA:7,(anonymous_7)
FNDA:1,(anonymous_8)
FNDA:10,(anonymous_9)
DA:1,1
DA:2,1
DA:3,1
DA:5,0
DA:6,0
DA:10,1
DA:11,1
DA:12,1
DA:13,1
DA:14,1
DA:15,1
DA:16,1
DA:19,10
DA:20,10
DA:21,10
DA:22,10
DA:23,10
DA:24,10
DA:25,10
DA:26,10
DA:27,10
DA:28,10
DA:31,1
DA:36,1
DA:37,1
DA:38,1
DA:41,9
DA:42,1
DA:43,8
DA:44,8
DA:45,8
DA:46,7
DA:47,7
DA:49,1
DA:50,1
DA:54,8
DA:55,8
DA:56,5
DA:59,7
DA:60,7
DA:61,2
DA:62,7
DA:63,2
DA:64,2
DA:65,2
DA:66,2
DA:67,2
DA:68,4
DA:69,4
DA:71,2
DA:76,2
DA:77,2
DA:81,1
DA:85,1
DA:86,1
DA:87,1
DA:90,10
DA:91,16
DA:92,14
DA:93,14
DA:98,1
LF:61
LH:59
BRDA:2,1,0,1
BRDA:2,1,1,0
BRDA:2,2,0,1
BRDA:2,2,1,1
BRDA:3,3,0,0
BRDA:3,3,1,1
BRDA:5,4,0,0
BRDA:5,4,1,0
BRDA:5,5,0,0
BRDA:5,5,1,0
BRDA:41,6,0,1
BRDA:41,6,1,8
BRDA:43,7,0,8
BRDA:43,7,1,0
BRDA:45,8,0,7
BRDA:45,8,1,1
BRDA:49,9,0,1
BRDA:49,9,1,0
BRDA:49,10,0,1
BRDA:49,10,1,0
BRDA:55,11,0,5
BRDA:55,11,1,3
BRDA:55,12,0,8
BRDA:55,12,1,8
BRDA:60,13,0,2
BRDA:60,13,1,5
BRDA:62,14,0,2
BRDA:62,14,1,5
BRDA:91,15,0,14
BRDA:91,15,1,2
BRF:30
BRH:21
end_of_record
TN:
SF:/home/luis/Icarus/lib/replica.js
FN:1,(anonymous_1)
FN:8,(anonymous_2)
FN:16,(anonymous_3)
FN:36,(anonymous_4)
FN:50,(anonymous_5)
FN:63,(anonymous_6)
FN:84,(anonymous_7)
FN:104,(anonymous_8)
FN:120,(anonymous_9)
FN:128,(anonymous_10)
FN:132,(anonymous_11)
FN:136,(anonymous_12)
FNF:12
FNH:10
FNDA:1,(anonymous_1)
FNDA:1,(anonymous_2)
FNDA:8,(anonymous_3)
FNDA:0,(anonymous_4)
FNDA:7,(anonymous_5)
FNDA:2,(anonymous_6)
FNDA:2,(anonymous_7)
FNDA:4,(anonymous_8)
FNDA:10,(anonymous_9)
FNDA:0,(anonymous_10)
FNDA:2,(anonymous_11)
FNDA:3,(anonymous_12)
DA:1,1
DA:2,1
DA:3,1
DA:5,0
DA:6,0
DA:10,1
DA:11,1
DA:12,1
DA:13,1
DA:14,1
DA:17,8
DA:18,8
DA:19,8
DA:20,8
DA:21,8
DA:22,8
DA:23,8
DA:24,8
DA:25,8
DA:26,8
DA:27,8
DA:28,8
DA:29,8
DA:30,8
DA:31,8
DA:32,8
DA:33,8
DA:34,8
DA:37,0
DA:38,0
DA:39,0
DA:40,0
DA:42,0
DA:43,0
DA:46,0
DA:47,0
DA:51,7
DA:52,7
DA:53,6
DA:54,6
DA:55,6
DA:56,4
DA:57,6
DA:58,6
DA:59,6
DA:60,6
DA:64,2
DA:65,0
DA:66,2
DA:67,0
DA:68,2
DA:69,2
DA:70,2
DA:71,2
DA:72,2
DA:73,4
DA:74,2
DA:75,2
DA:76,2
DA:77,2
DA:78,0
DA:79,2
DA:82,2
DA:85,2
DA:86,2
DA:87,2
DA:88,2
DA:94,2
DA:95,2
DA:98,2
DA:102,0
DA:105,4
DA:106,1
DA:107,3
DA:108,3
DA:109,3
DA:110,4
DA:111,4
DA:112,2
DA:113,2
DA:114,1
DA:115,2
DA:117,4
DA:121,10
DA:122,6
DA:123,4
DA:124,3
DA:126,1
DA:129,0
DA:130,0
DA:133,2
DA:134,2
DA:137,3
DA:138,0
DA:139,3
DA:140,7
DA:141,1
DA:143,2
DA:146,1
LF:99
LH:82
BRDA:2,1,0,1
BRDA:2,1,1,0
BRDA:2,2,0,1
BRDA:2,2,1,1
BRDA:3,3,0,0
BRDA:3,3,1,1
BRDA:5,4,0,0
BRDA:5,4,1,0
BRDA:5,5,0,0
BRDA:5,5,1,0
BRDA:40,6,0,0
BRDA:52,7,0,6
BRDA:52,7,1,1
BRDA:52,8,0,7
BRDA:52,8,1,7
BRDA:55,9,0,4
BRDA:55,9,1,2
BRDA:64,10,0,0
BRDA:64,10,1,2
BRDA:66,11,0,0
BRDA:66,11,1,2
BRDA:73,12,0,2
BRDA:73,12,1,2
BRDA:77,13,0,0
BRDA:77,13,1,2
BRDA:87,14,0,2
BRDA:87,14,1,0
BRDA:105,15,0,1
BRDA:105,15,1,3
BRDA:111,16,0,2
BRDA:111,16,1,2
BRDA:111,17,0,4
BRDA:111,17,1,4
BRDA:113,18,0,1
BRDA:113,18,1,1
BRDA:121,19,0,6
BRDA:121,19,1,4
BRDA:123,20,0,3
BRDA:123,20,1,1
BRDA:137,21,0,0
BRDA:137,21,1,3
BRDA:140,22,0,1
BRDA:140,22,1,6
BRF:43
BRH:31
end_of_record
